Release 14.1 - xst P.15xf (lin64)
Copyright (c) 1995-2012 Xilinx, Inc.  All rights reserved.
--> 
Parameter TMPDIR set to xst/projnav.tmp


Total REAL time to Xst completion: 0.00 secs
Total CPU time to Xst completion: 0.05 secs
 
--> 
Parameter xsthdpdir set to xst


Total REAL time to Xst completion: 0.00 secs
Total CPU time to Xst completion: 0.05 secs
 
--> 
Reading design: counter32.prj

TABLE OF CONTENTS
  1) Synthesis Options Summary
  2) HDL Compilation
  3) Design Hierarchy Analysis
  4) HDL Analysis
  5) HDL Synthesis
     5.1) HDL Synthesis Report
  6) Advanced HDL Synthesis
     6.1) Advanced HDL Synthesis Report
  7) Low Level Synthesis
  8) Partition Report
  9) Final Report
	9.1) Device utilization summary
	9.2) Partition Resource Summary
	9.3) TIMING REPORT


=========================================================================
*                      Synthesis Options Summary                        *
=========================================================================
---- Source Parameters
Input File Name                    : "counter32.prj"
Input Format                       : mixed
Ignore Synthesis Constraint File   : NO

---- Target Parameters
Output File Name                   : "counter32"
Output Format                      : NGC
Target Device                      : xc5vlx110t-1-ff1136

---- Source Options
Top Module Name                    : counter32
Automatic FSM Extraction           : YES
FSM Encoding Algorithm             : Auto
Safe Implementation                : No
FSM Style                          : LUT
RAM Extraction                     : Yes
RAM Style                          : Auto
ROM Extraction                     : Yes
Mux Style                          : Auto
Decoder Extraction                 : YES
Priority Encoder Extraction        : Yes
Shift Register Extraction          : YES
Logical Shifter Extraction         : YES
XOR Collapsing                     : YES
ROM Style                          : Auto
Mux Extraction                     : Yes
Resource Sharing                   : YES
Asynchronous To Synchronous        : NO
Use DSP Block                      : Auto
Automatic Register Balancing       : No

---- Target Options
LUT Combining                      : Off
Reduce Control Sets                : Off
Add IO Buffers                     : YES
Global Maximum Fanout              : 100000
Add Generic Clock Buffer(BUFG)     : 32
Register Duplication               : YES
Slice Packing                      : YES
Optimize Instantiated Primitives   : NO
Use Clock Enable                   : Auto
Use Synchronous Set                : Auto
Use Synchronous Reset              : Auto
Pack IO Registers into IOBs        : Auto
Equivalent register Removal        : YES

---- General Options
Optimization Goal                  : Speed
Optimization Effort                : 1
Power Reduction                    : NO
Keep Hierarchy                     : No
Netlist Hierarchy                  : As_Optimized
RTL Output                         : Yes
Global Optimization                : AllClockNets
Read Cores                         : YES
Write Timing Constraints           : NO
Cross Clock Analysis               : NO
Hierarchy Separator                : /
Bus Delimiter                      : <>
Case Specifier                     : Maintain
Slice Utilization Ratio            : 100
BRAM Utilization Ratio             : 100
DSP48 Utilization Ratio            : 100
Verilog 2001                       : YES
Auto BRAM Packing                  : NO
Slice Utilization Ratio Delta      : 5

=========================================================================


=========================================================================
*                          HDL Compilation                              *
=========================================================================
Compiling verilog file "couter36.v" in library work
Module <counter32> compiled
No errors in compilation
Analysis of file <"counter32.prj"> succeeded.
 

=========================================================================
*                     Design Hierarchy Analysis                         *
=========================================================================
Analyzing hierarchy for module <counter32> in library <work>.


=========================================================================
*                            HDL Analysis                               *
=========================================================================
Analyzing top module <counter32>.
Module <counter32> is correct for synthesis.
 

=========================================================================
*                           HDL Synthesis                               *
=========================================================================

Performing bidirectional port resolution...

Synthesizing Unit <counter32>.
    Related source file is "couter36.v".
    Found 1-bit register for signal <ack>.
    Found 16-bit register for signal <data_out>.
    Found 32-bit up counter for signal <temp>.
    Summary:
	inferred   1 Counter(s).
	inferred  17 D-type flip-flop(s).
Unit <counter32> synthesized.


=========================================================================
HDL Synthesis Report

Macro Statistics
# Counters                                             : 1
 32-bit up counter                                     : 1
# Registers                                            : 2
 1-bit register                                        : 1
 16-bit register                                       : 1

=========================================================================

=========================================================================
*                       Advanced HDL Synthesis                          *
=========================================================================


=========================================================================
Advanced HDL Synthesis Report

Macro Statistics
# Counters                                             : 1
 32-bit up counter                                     : 1
# Registers                                            : 17
 Flip-Flops                                            : 17

=========================================================================

=========================================================================
*                         Low Level Synthesis                           *
=========================================================================

Optimizing unit <counter32> ...

Mapping all equations...
Building and optimizing final netlist ...
Found area constraint ratio of 100 (+ 5) on block counter32, actual ratio is 0.

Final Macro Processing ...

=========================================================================
Final Register Report

Macro Statistics
# Registers                                            : 49
 Flip-Flops                                            : 49

=========================================================================

=========================================================================
*                           Partition Report                            *
=========================================================================

Partition Implementation Status
-------------------------------

  No Partitions were found in this design.

-------------------------------

=========================================================================
*                            Final Report                               *
=========================================================================
Final Results
RTL Top Level Output File Name     : counter32.ngr
Top Level Output File Name         : counter32
Output Format                      : NGC
Optimization Goal                  : Speed
Keep Hierarchy                     : No

Design Statistics
# IOs                              : 35

Cell Usage :
# BELS                             : 155
#      GND                         : 1
#      INV                         : 2
#      LUT1                        : 31
#      LUT3                        : 1
#      LUT4                        : 32
#      LUT5                        : 1
#      LUT6                        : 23
#      MUXCY                       : 31
#      VCC                         : 1
#      XORCY                       : 32
# FlipFlops/Latches                : 49
#      FD                          : 32
#      FDE                         : 17
# Clock Buffers                    : 1
#      BUFGP                       : 1
# IO Buffers                       : 34
#      IBUF                        : 17
#      OBUF                        : 17
=========================================================================

Device utilization summary:
---------------------------

Selected Device : 5vlx110tff1136-1 


Slice Logic Utilization: 
 Number of Slice Registers:              49  out of  69120     0%  
 Number of Slice LUTs:                   90  out of  69120     0%  
    Number used as Logic:                90  out of  69120     0%  

Slice Logic Distribution: 
 Number of LUT Flip Flop pairs used:     90
   Number with an unused Flip Flop:      41  out of     90    45%  
   Number with an unused LUT:             0  out of     90     0%  
   Number of fully used LUT-FF pairs:    49  out of     90    54%  
   Number of unique control sets:         2

IO Utilization: 
 Number of IOs:                          35
 Number of bonded IOBs:                  35  out of    640     5%  

Specific Feature Utilization:
 Number of BUFG/BUFGCTRLs:                1  out of     32     3%  

---------------------------
Partition Resource Summary:
---------------------------

  No Partitions were found in this design.

---------------------------


=========================================================================
TIMING REPORT

NOTE: THESE TIMING NUMBERS ARE ONLY A SYNTHESIS ESTIMATE.
      FOR ACCURATE TIMING INFORMATION PLEASE REFER TO THE TRACE REPORT
      GENERATED AFTER PLACE-and-ROUTE.

Clock Information:
------------------
-----------------------------------+------------------------+-------+
Clock Signal                       | Clock buffer(FF name)  | Load  |
-----------------------------------+------------------------+-------+
clk                                | BUFGP                  | 49    |
-----------------------------------+------------------------+-------+

Asynchronous Control Signals Information:
----------------------------------------
No asynchronous control signals found in this design

Timing Summary:
---------------
Speed Grade: -1

   Minimum period: 3.322ns (Maximum Frequency: 300.997MHz)
   Minimum input arrival time before clock: 3.877ns
   Maximum output required time after clock: 3.259ns
   Maximum combinational path delay: No path found

Timing Detail:
--------------
All values displayed in nanoseconds (ns)

=========================================================================
Timing constraint: Default period analysis for Clock 'clk'
  Clock period: 3.322ns (frequency: 300.997MHz)
  Total number of paths / destination ports: 2128 / 49
-------------------------------------------------------------------------
Delay:               3.322ns (Levels of Logic = 3)
  Source:            temp_24 (FF)
  Destination:       temp_0 (FF)
  Source Clock:      clk rising
  Destination Clock: clk rising

  Data Path: temp_24 to temp_0
                                Gate     Net
    Cell:in->out      fanout   Delay   Delay  Logical Name (Net Name)
    ----------------------------------------  ------------
     FD:C->Q               4   0.471   0.989  temp_24 (temp_24)
     LUT6:I1->O            1   0.094   0.973  data_out_cmp_eq0000239_SW1 (N2)
     LUT6:I1->O           32   0.094   0.607  temp_and00001 (temp_and0000)
     LUT4:I3->O            1   0.094   0.000  temp_0_rstpot (temp_0_rstpot)
     FD:D                     -0.018          temp_0
    ----------------------------------------
    Total                      3.322ns (0.753ns logic, 2.569ns route)
                                       (22.7% logic, 77.3% route)

=========================================================================
Timing constraint: Default OFFSET IN BEFORE for Clock 'clk'
  Total number of paths / destination ports: 97 / 65
-------------------------------------------------------------------------
Offset:              3.877ns (Levels of Logic = 4)
  Source:            reset (PAD)
  Destination:       temp_0 (FF)
  Destination Clock: clk rising

  Data Path: reset to temp_0
                                Gate     Net
    Cell:in->out      fanout   Delay   Delay  Logical Name (Net Name)
    ----------------------------------------  ------------
     IBUF:I->O            34   0.818   1.197  reset_IBUF (reset_IBUF)
     LUT6:I0->O            1   0.094   0.973  data_out_cmp_eq0000239_SW1 (N2)
     LUT6:I1->O           32   0.094   0.607  temp_and00001 (temp_and0000)
     LUT4:I3->O            1   0.094   0.000  temp_0_rstpot (temp_0_rstpot)
     FD:D                     -0.018          temp_0
    ----------------------------------------
    Total                      3.877ns (1.100ns logic, 2.777ns route)
                                       (28.4% logic, 71.6% route)

=========================================================================
Timing constraint: Default OFFSET OUT AFTER for Clock 'clk'
  Total number of paths / destination ports: 17 / 17
-------------------------------------------------------------------------
Offset:              3.259ns (Levels of Logic = 1)
  Source:            ack (FF)
  Destination:       ack (PAD)
  Source Clock:      clk rising

  Data Path: ack to ack
                                Gate     Net
    Cell:in->out      fanout   Delay   Delay  Logical Name (Net Name)
    ----------------------------------------  ------------
     FDE:C->Q              1   0.471   0.336  ack (ack_OBUF)
     OBUF:I->O                 2.452          ack_OBUF (ack)
    ----------------------------------------
    Total                      3.259ns (2.923ns logic, 0.336ns route)
                                       (89.7% logic, 10.3% route)

=========================================================================


Total REAL time to Xst completion: 5.00 secs
Total CPU time to Xst completion: 5.21 secs
 
--> 


Total memory usage is 547348 kilobytes

Number of errors   :    0 (   0 filtered)
Number of warnings :    0 (   0 filtered)
Number of infos    :    0 (   0 filtered)

