ISim log file
Running: /root/Desktop/MTP/CustomNetwork/delay/counter32_isim_beh.exe -intstyle ise -gui -tclbatch isim.cmd -wdb /root/Desktop/MTP/CustomNetwork/delay/counter32_isim_beh.wdb 
ISim P.15xf (signature 0x8ddf5b5d)
----------------------------------------------------------------------
WARNING:Security:42 - Your software subscription period has lapsed. Your current version of Xilinx tools will continue to function, but you no longer qualify for Xilinx software updates or new releases.


----------------------------------------------------------------------
This is a Full version of ISim.
Time resolution is 1 ps
# onerror resume
# wave add /
# run 1000 ns
Simulator is doing circuit initialization process.
Finished circuit initialization process.
# isim force add /counter32/clk 0 -radix bin -value 1 -radix bin -time 3200 ps -repeat 6400 ps
# isim force add /counter32/clk 0 -radix bin -value 1 -radix bin -time 3200 ps -repeat 6400 ps
# isim force add /counter32/reset 1 -radix bin
# isim force add /counter32/reset 1 -radix bin
# run 1.00us
# isim force add /counter32/reset 1 -radix bin
# isim force add /counter32/reset 1 -radix bin
# run 1.00us
# isim force add /counter32/reset 0 -radix bin
# run 1.00us
# isim force add /counter32/data_in abcd -radix hex
# isim force add /counter32/data_in abcd -radix hex
# run 1.00us
# isim force add /counter32/clk 0 -radix bin -value 1 -radix bin -time 3200 ps -repeat 6400 ps
ISim P.15xf (signature 0x8ddf5b5d)
----------------------------------------------------------------------
WARNING:Security:42 - Your software subscription period has lapsed. Your current version of Xilinx tools will continue to function, but you no longer qualify for Xilinx software updates or new releases.


----------------------------------------------------------------------
This is a Full version of ISim.
# run 1000 ns
Simulator is doing circuit initialization process.
Finished circuit initialization process.
# isim force add /counter32/data_in abcd -radix hex
# isim force add /counter32/data_in abcd -radix hex
# isim force add /counter32/clk 0 -radix bin -value 1 -radix bin -time 2500 ps -repeat 5 ns
# isim force add /counter32/clk 0 -radix bin -value 1 -radix bin -time 2500 ps -repeat 5 ns
# isim force add /counter32/reset 1 -radix bin
# isim force add /counter32/reset 1 -radix bin
# run 5.00ns
# run 5.00ns
# run 5.00ns
# isim force add /counter32/reset 0 -radix bin
# run 5.00ns
# run 5.00ns
# run 5.00ns
# run 5.00ns
# run 5.00ns
# run 5.00ns
# run 5.00ns
# run 5.00ns
# run 5.00ns
# run 5.00ns
# run 5.00ns
# run 5.00ns
# run 5.00ns
# run 5.00ns
# run 5.00ns
# run 5.00ns
# run 5.00ns
# run 5.00ns
# run 5.00ns
# run 5.00ns
# run 5.00ns
# run 5.00ns
# run 5.00ns
# run 5.00ns
# run 5.00ns
# run 5.00ns
# run 5.00ns
# run 5.00ns
# run 5.00ns
# run 5.00ns
# run 5.00ns
# run 5.00ns
# run 5.00ns
# run 5.00ns
# run 5.00ns
# run 5.00ns
# run 5.00ns
# run 5.00ns
ISim P.15xf (signature 0x8ddf5b5d)
----------------------------------------------------------------------
WARNING:Security:42 - Your software subscription period has lapsed. Your current version of Xilinx tools will continue to function, but you no longer qualify for Xilinx software updates or new releases.


----------------------------------------------------------------------
This is a Full version of ISim.
# run 1000 ns
Simulator is doing circuit initialization process.
Finished circuit initialization process.
# isim force add /counter32/data_in abcd -radix hex
# isim force add /counter32/data_in abcd -radix hex
# isim force add /counter32/clk 1 -radix bin -value 0 -radix bin -time 2500 ps -repeat 5 ns
# isim force add /counter32/clk 1 -radix bin -value 0 -radix bin -time 2500 ps -repeat 5 ns
# isim force add /counter32/reset 1 -radix bin
# isim force add /counter32/reset 1 -radix bin
# run 5.00ns
# run 5.00ns
# isim force add /counter32/reset 0 -radix bin
# run 5.00ns
# run 5.00ns
# run 5.00ns
# run 5.00ns
# run 5.00ns
# run 5.00ns
# run 5.00ns
# run 5.00ns
# run 5.00ns
# run 5.00ns
# run 5.00ns
# run 5.00ns
# run 5.00ns
# run 5.00ns
# run 5.00ns
# run 5.00ns
# run 5.00ns
# run 5.00ns
# run 5.00ns
# run 5.00ns
# run 5.00ns
# run 5.00ns
# run 5.00ns
# run 5.00ns
# run 5.00ns
# run 5.00ns
# run 5.00ns
# run 5.00ns
# run 5.00ns
# run 5.00ns
# run 5.00ns
# run 5.00ns
# run 5.00ns
# run 5.00ns
# run 5.00ns
# run 5.00ns
# run 5.00ns
# run 5.00ns
# run 5.00ns
# run 5.00ns
# run 5.00ns
# run 5.00ns
# run 5.00ns
# run 5.00ns
# run 5.00ns
# run 5.00ns
# run 5.00ns
# run 5.00ns
# run 5.00ns
# run 5.00ns
# run 5.00ns
# run 5.00ns
# run 5.00ns
# run 5.00ns
# run 5.00ns
# run 5.00ns
# run 5.00ns
# run 5.00ns
# run 5.00ns
# run 5.00ns
# run 5.00ns
# run 5.00ns
# run 5.00ns
# run 5.00ns
# run 5.00ns
# run 5.00ns
# run 5.00ns
# run 5.00ns
# run 5.00ns
# run 5.00ns
# run 5.00ns
# run 5.00ns
# run 5.00ns
# run 5.00ns
# run 5.00ns
# run 5.00ns
# run 5.00ns
# run 5.00ns
