Running: /opt/Xilinx/14.1/ISE_DS/ISE/bin/lin64/unwrapped/fuse -intstyle ise -incremental -lib unisims_ver -lib unimacro_ver -lib xilinxcorelib_ver -lib secureip -o /root/Desktop/MTP/PHY/yatishSemII/try/chnl_tester_isim_beh.exe -prj /root/Desktop/MTP/PHY/yatishSemII/try/chnl_tester_beh.prj work.chnl_tester work.glbl 
ISim P.15xf (signature 0x8ddf5b5d)
Number of CPUs detected in this system: 8
Turning on mult-threading, number of parallel sub-compilation jobs: 16 
Determining compilation order of HDL files
Analyzing Verilog file "/root/Desktop/MTP/PHY/yatishSemII/try/module_gen_grant_carry.v" into library work
Analyzing Verilog file "/root/Desktop/MTP/PHY/yatishSemII/try/RegFile_1port.v" into library work
Analyzing Verilog file "/root/Desktop/MTP/PHY/yatishSemII/try/mkRouterOutputArbitersRoundRobin.v" into library work
Analyzing Verilog file "/root/Desktop/MTP/PHY/yatishSemII/try/mkRouterInputArbitersRoundRobin.v" into library work
Analyzing Verilog file "/root/Desktop/MTP/PHY/yatishSemII/try/module_outport_encoder.v" into library work
Analyzing Verilog file "/root/Desktop/MTP/PHY/yatishSemII/try/mkSepRouterAllocator.v" into library work
Analyzing Verilog file "/root/Desktop/MTP/PHY/yatishSemII/try/mkOutPortFIFO.v" into library work
Analyzing Verilog file "/root/Desktop/MTP/PHY/yatishSemII/try/mkInputQueue.v" into library work
Analyzing Verilog file "/root/Desktop/MTP/PHY/yatishSemII/try/RegFileLoadSyn.v" into library work
Analyzing Verilog file "/root/Desktop/MTP/PHY/yatishSemII/try/mkIQRouterCoreSimple.v" into library work
Analyzing Verilog file "/root/Desktop/MTP/PHY/yatishSemII/try/multNode.v" into library work
Analyzing Verilog file "/root/Desktop/MTP/PHY/yatishSemII/try/mkNetworkSimple.v" into library work
Analyzing Verilog file "/root/Desktop/MTP/PHY/yatishSemII/try/LUT.v" into library work
Analyzing Verilog file "/root/Desktop/MTP/PHY/yatishSemII/try/mult_top.v" into library work
Analyzing Verilog file "/root/Desktop/MTP/PHY/yatishSemII/try/RIFFA_glue_logic.v" into library work
Analyzing Verilog file "/opt/Xilinx/14.1/ISE_DS/ISE//verilog/src/glbl.v" into library work
Starting static elaboration
WARNING:HDLCompiler:1016 - "/root/Desktop/MTP/PHY/yatishSemII/try/mult_top.v" Line 789: Port getFlit is not connected to this instance
WARNING:HDLCompiler:1016 - "/root/Desktop/MTP/PHY/yatishSemII/try/mult_top.v" Line 807: Port getFlit is not connected to this instance
WARNING:HDLCompiler:1016 - "/root/Desktop/MTP/PHY/yatishSemII/try/mult_top.v" Line 824: Port getFlit is not connected to this instance
WARNING:HDLCompiler:1016 - "/root/Desktop/MTP/PHY/yatishSemII/try/mult_top.v" Line 841: Port getFlit is not connected to this instance
WARNING:HDLCompiler:1016 - "/root/Desktop/MTP/PHY/yatishSemII/try/mult_top.v" Line 858: Port getFlit is not connected to this instance
WARNING:HDLCompiler:1016 - "/root/Desktop/MTP/PHY/yatishSemII/try/mult_top.v" Line 875: Port getFlit is not connected to this instance
WARNING:HDLCompiler:1016 - "/root/Desktop/MTP/PHY/yatishSemII/try/mult_top.v" Line 892: Port getFlit is not connected to this instance
WARNING:HDLCompiler:1016 - "/root/Desktop/MTP/PHY/yatishSemII/try/mult_top.v" Line 909: Port getFlit is not connected to this instance
WARNING:HDLCompiler:1016 - "/root/Desktop/MTP/PHY/yatishSemII/try/mult_top.v" Line 926: Port getFlit is not connected to this instance
WARNING:HDLCompiler:1016 - "/root/Desktop/MTP/PHY/yatishSemII/try/mult_top.v" Line 943: Port getFlit is not connected to this instance
WARNING:HDLCompiler:1016 - "/root/Desktop/MTP/PHY/yatishSemII/try/mult_top.v" Line 960: Port getFlit is not connected to this instance
WARNING:HDLCompiler:1016 - "/root/Desktop/MTP/PHY/yatishSemII/try/mult_top.v" Line 977: Port getFlit is not connected to this instance
WARNING:HDLCompiler:1016 - "/root/Desktop/MTP/PHY/yatishSemII/try/mult_top.v" Line 994: Port getFlit is not connected to this instance
WARNING:HDLCompiler:1016 - "/root/Desktop/MTP/PHY/yatishSemII/try/mult_top.v" Line 1011: Port getFlit is not connected to this instance
WARNING:HDLCompiler:1016 - "/root/Desktop/MTP/PHY/yatishSemII/try/mult_top.v" Line 1028: Port getFlit is not connected to this instance
WARNING:HDLCompiler:1016 - "/root/Desktop/MTP/PHY/yatishSemII/try/mult_top.v" Line 1045: Port getFlit is not connected to this instance
WARNING:HDLCompiler:1016 - "/root/Desktop/MTP/PHY/yatishSemII/try/mult_top.v" Line 1062: Port getFlit is not connected to this instance
WARNING:HDLCompiler:1016 - "/root/Desktop/MTP/PHY/yatishSemII/try/mult_top.v" Line 1079: Port getFlit is not connected to this instance
WARNING:HDLCompiler:1016 - "/root/Desktop/MTP/PHY/yatishSemII/try/mult_top.v" Line 1096: Port getFlit is not connected to this instance
WARNING:HDLCompiler:1016 - "/root/Desktop/MTP/PHY/yatishSemII/try/mult_top.v" Line 1113: Port getFlit is not connected to this instance
WARNING:HDLCompiler:1016 - "/root/Desktop/MTP/PHY/yatishSemII/try/mult_top.v" Line 1130: Port getFlit is not connected to this instance
WARNING:HDLCompiler:1016 - "/root/Desktop/MTP/PHY/yatishSemII/try/mult_top.v" Line 1147: Port getFlit is not connected to this instance
WARNING:HDLCompiler:1016 - "/root/Desktop/MTP/PHY/yatishSemII/try/mult_top.v" Line 1164: Port getFlit is not connected to this instance
WARNING:HDLCompiler:1016 - "/root/Desktop/MTP/PHY/yatishSemII/try/mult_top.v" Line 1181: Port getFlit is not connected to this instance
WARNING:HDLCompiler:1016 - "/root/Desktop/MTP/PHY/yatishSemII/try/mult_top.v" Line 1198: Port getFlit is not connected to this instance
WARNING:HDLCompiler:1016 - "/root/Desktop/MTP/PHY/yatishSemII/try/mult_top.v" Line 1215: Port getFlit is not connected to this instance
WARNING:HDLCompiler:1016 - "/root/Desktop/MTP/PHY/yatishSemII/try/mult_top.v" Line 1232: Port getFlit is not connected to this instance
WARNING:HDLCompiler:1016 - "/root/Desktop/MTP/PHY/yatishSemII/try/mult_top.v" Line 1249: Port getFlit is not connected to this instance
WARNING:HDLCompiler:1016 - "/root/Desktop/MTP/PHY/yatishSemII/try/mult_top.v" Line 1266: Port getFlit is not connected to this instance
WARNING:HDLCompiler:1016 - "/root/Desktop/MTP/PHY/yatishSemII/try/mult_top.v" Line 1283: Port getFlit is not connected to this instance
WARNING:HDLCompiler:1016 - "/root/Desktop/MTP/PHY/yatishSemII/try/mult_top.v" Line 1300: Port getFlit is not connected to this instance
WARNING:HDLCompiler:1016 - "/root/Desktop/MTP/PHY/yatishSemII/try/mult_top.v" Line 1317: Port getFlit is not connected to this instance
WARNING:HDLCompiler:1016 - "/root/Desktop/MTP/PHY/yatishSemII/try/mult_top.v" Line 1334: Port getFlit is not connected to this instance
WARNING:HDLCompiler:1016 - "/root/Desktop/MTP/PHY/yatishSemII/try/mult_top.v" Line 1351: Port getFlit is not connected to this instance
WARNING:HDLCompiler:1016 - "/root/Desktop/MTP/PHY/yatishSemII/try/mult_top.v" Line 1368: Port getFlit is not connected to this instance
WARNING:HDLCompiler:1016 - "/root/Desktop/MTP/PHY/yatishSemII/try/mult_top.v" Line 1385: Port getFlit is not connected to this instance
WARNING:HDLCompiler:1016 - "/root/Desktop/MTP/PHY/yatishSemII/try/mult_top.v" Line 1402: Port getFlit is not connected to this instance
WARNING:HDLCompiler:1016 - "/root/Desktop/MTP/PHY/yatishSemII/try/mult_top.v" Line 1419: Port getFlit is not connected to this instance
WARNING:HDLCompiler:1016 - "/root/Desktop/MTP/PHY/yatishSemII/try/mult_top.v" Line 1436: Port getFlit is not connected to this instance
WARNING:HDLCompiler:1016 - "/root/Desktop/MTP/PHY/yatishSemII/try/mult_top.v" Line 1453: Port getFlit is not connected to this instance
WARNING:HDLCompiler:1016 - "/root/Desktop/MTP/PHY/yatishSemII/try/mult_top.v" Line 1470: Port getFlit is not connected to this instance
WARNING:HDLCompiler:1016 - "/root/Desktop/MTP/PHY/yatishSemII/try/mult_top.v" Line 1487: Port getFlit is not connected to this instance
WARNING:HDLCompiler:1016 - "/root/Desktop/MTP/PHY/yatishSemII/try/mult_top.v" Line 1504: Port getFlit is not connected to this instance
WARNING:HDLCompiler:1016 - "/root/Desktop/MTP/PHY/yatishSemII/try/mult_top.v" Line 1521: Port getFlit is not connected to this instance
WARNING:HDLCompiler:1016 - "/root/Desktop/MTP/PHY/yatishSemII/try/mult_top.v" Line 1538: Port getFlit is not connected to this instance
WARNING:HDLCompiler:1016 - "/root/Desktop/MTP/PHY/yatishSemII/try/mult_top.v" Line 1555: Port getFlit is not connected to this instance
WARNING:HDLCompiler:1016 - "/root/Desktop/MTP/PHY/yatishSemII/try/mult_top.v" Line 1572: Port getFlit is not connected to this instance
WARNING:HDLCompiler:1016 - "/root/Desktop/MTP/PHY/yatishSemII/try/mult_top.v" Line 1589: Port getFlit is not connected to this instance
WARNING:HDLCompiler:1016 - "/root/Desktop/MTP/PHY/yatishSemII/try/mult_top.v" Line 1606: Port getFlit is not connected to this instance
WARNING:HDLCompiler:1016 - "/root/Desktop/MTP/PHY/yatishSemII/try/mult_top.v" Line 1623: Port getFlit is not connected to this instance
WARNING:HDLCompiler:1016 - "/root/Desktop/MTP/PHY/yatishSemII/try/mult_top.v" Line 1640: Port getFlit is not connected to this instance
WARNING:HDLCompiler:1016 - "/root/Desktop/MTP/PHY/yatishSemII/try/mult_top.v" Line 1657: Port getFlit is not connected to this instance
WARNING:HDLCompiler:1016 - "/root/Desktop/MTP/PHY/yatishSemII/try/mult_top.v" Line 1674: Port getFlit is not connected to this instance
WARNING:HDLCompiler:1016 - "/root/Desktop/MTP/PHY/yatishSemII/try/mult_top.v" Line 1691: Port getFlit is not connected to this instance
WARNING:HDLCompiler:1016 - "/root/Desktop/MTP/PHY/yatishSemII/try/mult_top.v" Line 1708: Port getFlit is not connected to this instance
WARNING:HDLCompiler:1016 - "/root/Desktop/MTP/PHY/yatishSemII/try/mult_top.v" Line 1725: Port getFlit is not connected to this instance
WARNING:HDLCompiler:1016 - "/root/Desktop/MTP/PHY/yatishSemII/try/mult_top.v" Line 1742: Port getFlit is not connected to this instance
WARNING:HDLCompiler:1016 - "/root/Desktop/MTP/PHY/yatishSemII/try/mult_top.v" Line 1759: Port getFlit is not connected to this instance
WARNING:HDLCompiler:1016 - "/root/Desktop/MTP/PHY/yatishSemII/try/mult_top.v" Line 1776: Port getFlit is not connected to this instance
WARNING:HDLCompiler:1016 - "/root/Desktop/MTP/PHY/yatishSemII/try/mult_top.v" Line 1793: Port getFlit is not connected to this instance
WARNING:HDLCompiler:1016 - "/root/Desktop/MTP/PHY/yatishSemII/try/mult_top.v" Line 1810: Port getFlit is not connected to this instance
WARNING:HDLCompiler:1016 - "/root/Desktop/MTP/PHY/yatishSemII/try/mult_top.v" Line 1827: Port getFlit is not connected to this instance
WARNING:HDLCompiler:1016 - "/root/Desktop/MTP/PHY/yatishSemII/try/mult_top.v" Line 1844: Port getFlit is not connected to this instance
WARNING:HDLCompiler:1016 - "/root/Desktop/MTP/PHY/yatishSemII/try/mult_top.v" Line 1861: Port getFlit is not connected to this instance
WARNING:HDLCompiler:1016 - "/root/Desktop/MTP/PHY/yatishSemII/try/mult_top.v" Line 1878: Port input_data is not connected to this instance
WARNING:HDLCompiler:1016 - "/root/Desktop/MTP/PHY/yatishSemII/try/mult_top.v" Line 1879: Port input_data is not connected to this instance
WARNING:HDLCompiler:1016 - "/root/Desktop/MTP/PHY/yatishSemII/try/mult_top.v" Line 1880: Port input_data is not connected to this instance
WARNING:HDLCompiler:1016 - "/root/Desktop/MTP/PHY/yatishSemII/try/mult_top.v" Line 1881: Port input_data is not connected to this instance
WARNING:HDLCompiler:1016 - "/root/Desktop/MTP/PHY/yatishSemII/try/mult_top.v" Line 1882: Port input_data is not connected to this instance
WARNING:HDLCompiler:1016 - "/root/Desktop/MTP/PHY/yatishSemII/try/mult_top.v" Line 1883: Port input_data is not connected to this instance
WARNING:HDLCompiler:1016 - "/root/Desktop/MTP/PHY/yatishSemII/try/mult_top.v" Line 1884: Port input_data is not connected to this instance
WARNING:HDLCompiler:1016 - "/root/Desktop/MTP/PHY/yatishSemII/try/mult_top.v" Line 1885: Port input_data is not connected to this instance
WARNING:HDLCompiler:1016 - "/root/Desktop/MTP/PHY/yatishSemII/try/mult_top.v" Line 1886: Port input_data is not connected to this instance
WARNING:HDLCompiler:1016 - "/root/Desktop/MTP/PHY/yatishSemII/try/mult_top.v" Line 1887: Port input_data is not connected to this instance
WARNING:HDLCompiler:1016 - "/root/Desktop/MTP/PHY/yatishSemII/try/mult_top.v" Line 1888: Port input_data is not connected to this instance
WARNING:HDLCompiler:1016 - "/root/Desktop/MTP/PHY/yatishSemII/try/mult_top.v" Line 1889: Port input_data is not connected to this instance
WARNING:HDLCompiler:1016 - "/root/Desktop/MTP/PHY/yatishSemII/try/mult_top.v" Line 1890: Port input_data is not connected to this instance
WARNING:HDLCompiler:1016 - "/root/Desktop/MTP/PHY/yatishSemII/try/mult_top.v" Line 1891: Port input_data is not connected to this instance
WARNING:HDLCompiler:1016 - "/root/Desktop/MTP/PHY/yatishSemII/try/mult_top.v" Line 1892: Port input_data is not connected to this instance
WARNING:HDLCompiler:1016 - "/root/Desktop/MTP/PHY/yatishSemII/try/mult_top.v" Line 1893: Port input_data is not connected to this instance
WARNING:HDLCompiler:1016 - "/root/Desktop/MTP/PHY/yatishSemII/try/mult_top.v" Line 1894: Port input_data is not connected to this instance
WARNING:HDLCompiler:1016 - "/root/Desktop/MTP/PHY/yatishSemII/try/mult_top.v" Line 1895: Port input_data is not connected to this instance
WARNING:HDLCompiler:1016 - "/root/Desktop/MTP/PHY/yatishSemII/try/mult_top.v" Line 1896: Port input_data is not connected to this instance
WARNING:HDLCompiler:1016 - "/root/Desktop/MTP/PHY/yatishSemII/try/mult_top.v" Line 1897: Port input_data is not connected to this instance
WARNING:HDLCompiler:1016 - "/root/Desktop/MTP/PHY/yatishSemII/try/mult_top.v" Line 1898: Port input_data is not connected to this instance
WARNING:HDLCompiler:1016 - "/root/Desktop/MTP/PHY/yatishSemII/try/mult_top.v" Line 1899: Port input_data is not connected to this instance
WARNING:HDLCompiler:1016 - "/root/Desktop/MTP/PHY/yatishSemII/try/mult_top.v" Line 1900: Port input_data is not connected to this instance
WARNING:HDLCompiler:1016 - "/root/Desktop/MTP/PHY/yatishSemII/try/mult_top.v" Line 1901: Port input_data is not connected to this instance
WARNING:HDLCompiler:1016 - "/root/Desktop/MTP/PHY/yatishSemII/try/mult_top.v" Line 1902: Port input_data is not connected to this instance
WARNING:HDLCompiler:1016 - "/root/Desktop/MTP/PHY/yatishSemII/try/mult_top.v" Line 1903: Port input_data is not connected to this instance
WARNING:HDLCompiler:1016 - "/root/Desktop/MTP/PHY/yatishSemII/try/mult_top.v" Line 1904: Port input_data is not connected to this instance
WARNING:HDLCompiler:1016 - "/root/Desktop/MTP/PHY/yatishSemII/try/mult_top.v" Line 1905: Port input_data is not connected to this instance
WARNING:HDLCompiler:1016 - "/root/Desktop/MTP/PHY/yatishSemII/try/mult_top.v" Line 1906: Port input_data is not connected to this instance
WARNING:HDLCompiler:1016 - "/root/Desktop/MTP/PHY/yatishSemII/try/mult_top.v" Line 1907: Port input_data is not connected to this instance
WARNING:HDLCompiler:1016 - "/root/Desktop/MTP/PHY/yatishSemII/try/mult_top.v" Line 1908: Port input_data is not connected to this instance
WARNING:HDLCompiler:1016 - "/root/Desktop/MTP/PHY/yatishSemII/try/mult_top.v" Line 1909: Port input_data is not connected to this instance
WARNING:HDLCompiler:1016 - "/root/Desktop/MTP/PHY/yatishSemII/try/mult_top.v" Line 1910: Port input_data is not connected to this instance
WARNING:HDLCompiler:1016 - "/root/Desktop/MTP/PHY/yatishSemII/try/mult_top.v" Line 1911: Port input_data is not connected to this instance
WARNING:HDLCompiler:1016 - "/root/Desktop/MTP/PHY/yatishSemII/try/mult_top.v" Line 1912: Port input_data is not connected to this instance
WARNING:HDLCompiler:1016 - "/root/Desktop/MTP/PHY/yatishSemII/try/mult_top.v" Line 1913: Port input_data is not connected to this instance
WARNING:HDLCompiler:1016 - "/root/Desktop/MTP/PHY/yatishSemII/try/mult_top.v" Line 1914: Port input_data is not connected to this instance
WARNING:HDLCompiler:1016 - "/root/Desktop/MTP/PHY/yatishSemII/try/mult_top.v" Line 1915: Port input_data is not connected to this instance
WARNING:HDLCompiler:1016 - "/root/Desktop/MTP/PHY/yatishSemII/try/mult_top.v" Line 1916: Port input_data is not connected to this instance
WARNING:HDLCompiler:1016 - "/root/Desktop/MTP/PHY/yatishSemII/try/mult_top.v" Line 1917: Port input_data is not connected to this instance
WARNING:HDLCompiler:1016 - "/root/Desktop/MTP/PHY/yatishSemII/try/mult_top.v" Line 1918: Port input_data is not connected to this instance
WARNING:HDLCompiler:1016 - "/root/Desktop/MTP/PHY/yatishSemII/try/mult_top.v" Line 1919: Port input_data is not connected to this instance
WARNING:HDLCompiler:1016 - "/root/Desktop/MTP/PHY/yatishSemII/try/mult_top.v" Line 1920: Port input_data is not connected to this instance
WARNING:HDLCompiler:1016 - "/root/Desktop/MTP/PHY/yatishSemII/try/mult_top.v" Line 1921: Port input_data is not connected to this instance
WARNING:HDLCompiler:1016 - "/root/Desktop/MTP/PHY/yatishSemII/try/mult_top.v" Line 1922: Port input_data is not connected to this instance
WARNING:HDLCompiler:1016 - "/root/Desktop/MTP/PHY/yatishSemII/try/mult_top.v" Line 1923: Port input_data is not connected to this instance
WARNING:HDLCompiler:1016 - "/root/Desktop/MTP/PHY/yatishSemII/try/mult_top.v" Line 1924: Port input_data is not connected to this instance
WARNING:HDLCompiler:1016 - "/root/Desktop/MTP/PHY/yatishSemII/try/mult_top.v" Line 1925: Port input_data is not connected to this instance
WARNING:HDLCompiler:1016 - "/root/Desktop/MTP/PHY/yatishSemII/try/mult_top.v" Line 1926: Port input_data is not connected to this instance
WARNING:HDLCompiler:1016 - "/root/Desktop/MTP/PHY/yatishSemII/try/mult_top.v" Line 1927: Port input_data is not connected to this instance
WARNING:HDLCompiler:1016 - "/root/Desktop/MTP/PHY/yatishSemII/try/mult_top.v" Line 1928: Port input_data is not connected to this instance
WARNING:HDLCompiler:1016 - "/root/Desktop/MTP/PHY/yatishSemII/try/mult_top.v" Line 1929: Port input_data is not connected to this instance
WARNING:HDLCompiler:1016 - "/root/Desktop/MTP/PHY/yatishSemII/try/mult_top.v" Line 1930: Port input_data is not connected to this instance
WARNING:HDLCompiler:1016 - "/root/Desktop/MTP/PHY/yatishSemII/try/mult_top.v" Line 1931: Port input_data is not connected to this instance
WARNING:HDLCompiler:1016 - "/root/Desktop/MTP/PHY/yatishSemII/try/mult_top.v" Line 1932: Port input_data is not connected to this instance
WARNING:HDLCompiler:1016 - "/root/Desktop/MTP/PHY/yatishSemII/try/mult_top.v" Line 1933: Port input_data is not connected to this instance
WARNING:HDLCompiler:1016 - "/root/Desktop/MTP/PHY/yatishSemII/try/mult_top.v" Line 1934: Port input_data is not connected to this instance
WARNING:HDLCompiler:1016 - "/root/Desktop/MTP/PHY/yatishSemII/try/mult_top.v" Line 1935: Port input_data is not connected to this instance
WARNING:HDLCompiler:1016 - "/root/Desktop/MTP/PHY/yatishSemII/try/mult_top.v" Line 1936: Port input_data is not connected to this instance
WARNING:HDLCompiler:1016 - "/root/Desktop/MTP/PHY/yatishSemII/try/mult_top.v" Line 1937: Port input_data is not connected to this instance
WARNING:HDLCompiler:1016 - "/root/Desktop/MTP/PHY/yatishSemII/try/mult_top.v" Line 1938: Port input_data is not connected to this instance
WARNING:HDLCompiler:1016 - "/root/Desktop/MTP/PHY/yatishSemII/try/mult_top.v" Line 1939: Port input_data is not connected to this instance
WARNING:HDLCompiler:1016 - "/root/Desktop/MTP/PHY/yatishSemII/try/mult_top.v" Line 1940: Port input_data is not connected to this instance
WARNING:HDLCompiler:1016 - "/root/Desktop/MTP/PHY/yatishSemII/try/mult_top.v" Line 1941: Port input_data is not connected to this instance
WARNING:HDLCompiler:189 - "/root/Desktop/MTP/PHY/yatishSemII/try/mult_top.v" Line 89: Size mismatch in connection of port <recv_ports_0_putNonFullVCs_nonFullVCs>. Formal port size is 2-bit while actual signal size is 32-bit.
WARNING:HDLCompiler:189 - "/root/Desktop/MTP/PHY/yatishSemII/try/mult_top.v" Line 100: Size mismatch in connection of port <recv_ports_1_putNonFullVCs_nonFullVCs>. Formal port size is 2-bit while actual signal size is 32-bit.
WARNING:HDLCompiler:189 - "/root/Desktop/MTP/PHY/yatishSemII/try/mult_top.v" Line 111: Size mismatch in connection of port <recv_ports_2_putNonFullVCs_nonFullVCs>. Formal port size is 2-bit while actual signal size is 32-bit.
WARNING:HDLCompiler:189 - "/root/Desktop/MTP/PHY/yatishSemII/try/mult_top.v" Line 122: Size mismatch in connection of port <recv_ports_3_putNonFullVCs_nonFullVCs>. Formal port size is 2-bit while actual signal size is 32-bit.
WARNING:HDLCompiler:189 - "/root/Desktop/MTP/PHY/yatishSemII/try/mult_top.v" Line 133: Size mismatch in connection of port <recv_ports_4_putNonFullVCs_nonFullVCs>. Formal port size is 2-bit while actual signal size is 32-bit.
WARNING:HDLCompiler:189 - "/root/Desktop/MTP/PHY/yatishSemII/try/mult_top.v" Line 144: Size mismatch in connection of port <recv_ports_5_putNonFullVCs_nonFullVCs>. Formal port size is 2-bit while actual signal size is 32-bit.
WARNING:HDLCompiler:189 - "/root/Desktop/MTP/PHY/yatishSemII/try/mult_top.v" Line 155: Size mismatch in connection of port <recv_ports_6_putNonFullVCs_nonFullVCs>. Formal port size is 2-bit while actual signal size is 32-bit.
WARNING:HDLCompiler:189 - "/root/Desktop/MTP/PHY/yatishSemII/try/mult_top.v" Line 166: Size mismatch in connection of port <recv_ports_7_putNonFullVCs_nonFullVCs>. Formal port size is 2-bit while actual signal size is 32-bit.
WARNING:HDLCompiler:189 - "/root/Desktop/MTP/PHY/yatishSemII/try/mult_top.v" Line 177: Size mismatch in connection of port <recv_ports_8_putNonFullVCs_nonFullVCs>. Formal port size is 2-bit while actual signal size is 32-bit.
WARNING:HDLCompiler:189 - "/root/Desktop/MTP/PHY/yatishSemII/try/mult_top.v" Line 188: Size mismatch in connection of port <recv_ports_9_putNonFullVCs_nonFullVCs>. Formal port size is 2-bit while actual signal size is 32-bit.
WARNING:HDLCompiler:189 - "/root/Desktop/MTP/PHY/yatishSemII/try/mult_top.v" Line 199: Size mismatch in connection of port <recv_ports_10_putNonFullVCs_nonFullVCs>. Formal port size is 2-bit while actual signal size is 32-bit.
WARNING:HDLCompiler:189 - "/root/Desktop/MTP/PHY/yatishSemII/try/mult_top.v" Line 210: Size mismatch in connection of port <recv_ports_11_putNonFullVCs_nonFullVCs>. Formal port size is 2-bit while actual signal size is 32-bit.
WARNING:HDLCompiler:189 - "/root/Desktop/MTP/PHY/yatishSemII/try/mult_top.v" Line 221: Size mismatch in connection of port <recv_ports_12_putNonFullVCs_nonFullVCs>. Formal port size is 2-bit while actual signal size is 32-bit.
WARNING:HDLCompiler:189 - "/root/Desktop/MTP/PHY/yatishSemII/try/mult_top.v" Line 232: Size mismatch in connection of port <recv_ports_13_putNonFullVCs_nonFullVCs>. Formal port size is 2-bit while actual signal size is 32-bit.
WARNING:HDLCompiler:189 - "/root/Desktop/MTP/PHY/yatishSemII/try/mult_top.v" Line 243: Size mismatch in connection of port <recv_ports_14_putNonFullVCs_nonFullVCs>. Formal port size is 2-bit while actual signal size is 32-bit.
WARNING:HDLCompiler:189 - "/root/Desktop/MTP/PHY/yatishSemII/try/mult_top.v" Line 254: Size mismatch in connection of port <recv_ports_15_putNonFullVCs_nonFullVCs>. Formal port size is 2-bit while actual signal size is 32-bit.
WARNING:HDLCompiler:189 - "/root/Desktop/MTP/PHY/yatishSemII/try/mult_top.v" Line 265: Size mismatch in connection of port <recv_ports_16_putNonFullVCs_nonFullVCs>. Formal port size is 2-bit while actual signal size is 32-bit.
WARNING:HDLCompiler:189 - "/root/Desktop/MTP/PHY/yatishSemII/try/mult_top.v" Line 276: Size mismatch in connection of port <recv_ports_17_putNonFullVCs_nonFullVCs>. Formal port size is 2-bit while actual signal size is 32-bit.
WARNING:HDLCompiler:189 - "/root/Desktop/MTP/PHY/yatishSemII/try/mult_top.v" Line 287: Size mismatch in connection of port <recv_ports_18_putNonFullVCs_nonFullVCs>. Formal port size is 2-bit while actual signal size is 32-bit.
WARNING:HDLCompiler:189 - "/root/Desktop/MTP/PHY/yatishSemII/try/mult_top.v" Line 298: Size mismatch in connection of port <recv_ports_19_putNonFullVCs_nonFullVCs>. Formal port size is 2-bit while actual signal size is 32-bit.
WARNING:HDLCompiler:189 - "/root/Desktop/MTP/PHY/yatishSemII/try/mult_top.v" Line 309: Size mismatch in connection of port <recv_ports_20_putNonFullVCs_nonFullVCs>. Formal port size is 2-bit while actual signal size is 32-bit.
WARNING:HDLCompiler:189 - "/root/Desktop/MTP/PHY/yatishSemII/try/mult_top.v" Line 320: Size mismatch in connection of port <recv_ports_21_putNonFullVCs_nonFullVCs>. Formal port size is 2-bit while actual signal size is 32-bit.
WARNING:HDLCompiler:189 - "/root/Desktop/MTP/PHY/yatishSemII/try/mult_top.v" Line 331: Size mismatch in connection of port <recv_ports_22_putNonFullVCs_nonFullVCs>. Formal port size is 2-bit while actual signal size is 32-bit.
WARNING:HDLCompiler:189 - "/root/Desktop/MTP/PHY/yatishSemII/try/mult_top.v" Line 342: Size mismatch in connection of port <recv_ports_23_putNonFullVCs_nonFullVCs>. Formal port size is 2-bit while actual signal size is 32-bit.
WARNING:HDLCompiler:189 - "/root/Desktop/MTP/PHY/yatishSemII/try/mult_top.v" Line 353: Size mismatch in connection of port <recv_ports_24_putNonFullVCs_nonFullVCs>. Formal port size is 2-bit while actual signal size is 32-bit.
WARNING:HDLCompiler:189 - "/root/Desktop/MTP/PHY/yatishSemII/try/mult_top.v" Line 364: Size mismatch in connection of port <recv_ports_25_putNonFullVCs_nonFullVCs>. Formal port size is 2-bit while actual signal size is 32-bit.
WARNING:HDLCompiler:189 - "/root/Desktop/MTP/PHY/yatishSemII/try/mult_top.v" Line 375: Size mismatch in connection of port <recv_ports_26_putNonFullVCs_nonFullVCs>. Formal port size is 2-bit while actual signal size is 32-bit.
WARNING:HDLCompiler:189 - "/root/Desktop/MTP/PHY/yatishSemII/try/mult_top.v" Line 386: Size mismatch in connection of port <recv_ports_27_putNonFullVCs_nonFullVCs>. Formal port size is 2-bit while actual signal size is 32-bit.
WARNING:HDLCompiler:189 - "/root/Desktop/MTP/PHY/yatishSemII/try/mult_top.v" Line 397: Size mismatch in connection of port <recv_ports_28_putNonFullVCs_nonFullVCs>. Formal port size is 2-bit while actual signal size is 32-bit.
WARNING:HDLCompiler:189 - "/root/Desktop/MTP/PHY/yatishSemII/try/mult_top.v" Line 408: Size mismatch in connection of port <recv_ports_29_putNonFullVCs_nonFullVCs>. Formal port size is 2-bit while actual signal size is 32-bit.
WARNING:HDLCompiler:189 - "/root/Desktop/MTP/PHY/yatishSemII/try/mult_top.v" Line 419: Size mismatch in connection of port <recv_ports_30_putNonFullVCs_nonFullVCs>. Formal port size is 2-bit while actual signal size is 32-bit.
WARNING:HDLCompiler:189 - "/root/Desktop/MTP/PHY/yatishSemII/try/mult_top.v" Line 430: Size mismatch in connection of port <recv_ports_31_putNonFullVCs_nonFullVCs>. Formal port size is 2-bit while actual signal size is 32-bit.
WARNING:HDLCompiler:189 - "/root/Desktop/MTP/PHY/yatishSemII/try/mult_top.v" Line 441: Size mismatch in connection of port <recv_ports_32_putNonFullVCs_nonFullVCs>. Formal port size is 2-bit while actual signal size is 32-bit.
WARNING:HDLCompiler:189 - "/root/Desktop/MTP/PHY/yatishSemII/try/mult_top.v" Line 452: Size mismatch in connection of port <recv_ports_33_putNonFullVCs_nonFullVCs>. Formal port size is 2-bit while actual signal size is 32-bit.
WARNING:HDLCompiler:189 - "/root/Desktop/MTP/PHY/yatishSemII/try/mult_top.v" Line 463: Size mismatch in connection of port <recv_ports_34_putNonFullVCs_nonFullVCs>. Formal port size is 2-bit while actual signal size is 32-bit.
WARNING:HDLCompiler:189 - "/root/Desktop/MTP/PHY/yatishSemII/try/mult_top.v" Line 474: Size mismatch in connection of port <recv_ports_35_putNonFullVCs_nonFullVCs>. Formal port size is 2-bit while actual signal size is 32-bit.
WARNING:HDLCompiler:189 - "/root/Desktop/MTP/PHY/yatishSemII/try/mult_top.v" Line 485: Size mismatch in connection of port <recv_ports_36_putNonFullVCs_nonFullVCs>. Formal port size is 2-bit while actual signal size is 32-bit.
WARNING:HDLCompiler:189 - "/root/Desktop/MTP/PHY/yatishSemII/try/mult_top.v" Line 496: Size mismatch in connection of port <recv_ports_37_putNonFullVCs_nonFullVCs>. Formal port size is 2-bit while actual signal size is 32-bit.
WARNING:HDLCompiler:189 - "/root/Desktop/MTP/PHY/yatishSemII/try/mult_top.v" Line 507: Size mismatch in connection of port <recv_ports_38_putNonFullVCs_nonFullVCs>. Formal port size is 2-bit while actual signal size is 32-bit.
WARNING:HDLCompiler:189 - "/root/Desktop/MTP/PHY/yatishSemII/try/mult_top.v" Line 518: Size mismatch in connection of port <recv_ports_39_putNonFullVCs_nonFullVCs>. Formal port size is 2-bit while actual signal size is 32-bit.
WARNING:HDLCompiler:189 - "/root/Desktop/MTP/PHY/yatishSemII/try/mult_top.v" Line 529: Size mismatch in connection of port <recv_ports_40_putNonFullVCs_nonFullVCs>. Formal port size is 2-bit while actual signal size is 32-bit.
WARNING:HDLCompiler:189 - "/root/Desktop/MTP/PHY/yatishSemII/try/mult_top.v" Line 540: Size mismatch in connection of port <recv_ports_41_putNonFullVCs_nonFullVCs>. Formal port size is 2-bit while actual signal size is 32-bit.
WARNING:HDLCompiler:189 - "/root/Desktop/MTP/PHY/yatishSemII/try/mult_top.v" Line 551: Size mismatch in connection of port <recv_ports_42_putNonFullVCs_nonFullVCs>. Formal port size is 2-bit while actual signal size is 32-bit.
WARNING:HDLCompiler:189 - "/root/Desktop/MTP/PHY/yatishSemII/try/mult_top.v" Line 562: Size mismatch in connection of port <recv_ports_43_putNonFullVCs_nonFullVCs>. Formal port size is 2-bit while actual signal size is 32-bit.
WARNING:HDLCompiler:189 - "/root/Desktop/MTP/PHY/yatishSemII/try/mult_top.v" Line 573: Size mismatch in connection of port <recv_ports_44_putNonFullVCs_nonFullVCs>. Formal port size is 2-bit while actual signal size is 32-bit.
WARNING:HDLCompiler:189 - "/root/Desktop/MTP/PHY/yatishSemII/try/mult_top.v" Line 584: Size mismatch in connection of port <recv_ports_45_putNonFullVCs_nonFullVCs>. Formal port size is 2-bit while actual signal size is 32-bit.
WARNING:HDLCompiler:189 - "/root/Desktop/MTP/PHY/yatishSemII/try/mult_top.v" Line 595: Size mismatch in connection of port <recv_ports_46_putNonFullVCs_nonFullVCs>. Formal port size is 2-bit while actual signal size is 32-bit.
WARNING:HDLCompiler:189 - "/root/Desktop/MTP/PHY/yatishSemII/try/mult_top.v" Line 606: Size mismatch in connection of port <recv_ports_47_putNonFullVCs_nonFullVCs>. Formal port size is 2-bit while actual signal size is 32-bit.
WARNING:HDLCompiler:189 - "/root/Desktop/MTP/PHY/yatishSemII/try/mult_top.v" Line 617: Size mismatch in connection of port <recv_ports_48_putNonFullVCs_nonFullVCs>. Formal port size is 2-bit while actual signal size is 32-bit.
WARNING:HDLCompiler:189 - "/root/Desktop/MTP/PHY/yatishSemII/try/mult_top.v" Line 628: Size mismatch in connection of port <recv_ports_49_putNonFullVCs_nonFullVCs>. Formal port size is 2-bit while actual signal size is 32-bit.
WARNING:HDLCompiler:189 - "/root/Desktop/MTP/PHY/yatishSemII/try/mult_top.v" Line 639: Size mismatch in connection of port <recv_ports_50_putNonFullVCs_nonFullVCs>. Formal port size is 2-bit while actual signal size is 32-bit.
WARNING:HDLCompiler:189 - "/root/Desktop/MTP/PHY/yatishSemII/try/mult_top.v" Line 650: Size mismatch in connection of port <recv_ports_51_putNonFullVCs_nonFullVCs>. Formal port size is 2-bit while actual signal size is 32-bit.
WARNING:HDLCompiler:189 - "/root/Desktop/MTP/PHY/yatishSemII/try/mult_top.v" Line 661: Size mismatch in connection of port <recv_ports_52_putNonFullVCs_nonFullVCs>. Formal port size is 2-bit while actual signal size is 32-bit.
WARNING:HDLCompiler:189 - "/root/Desktop/MTP/PHY/yatishSemII/try/mult_top.v" Line 672: Size mismatch in connection of port <recv_ports_53_putNonFullVCs_nonFullVCs>. Formal port size is 2-bit while actual signal size is 32-bit.
WARNING:HDLCompiler:189 - "/root/Desktop/MTP/PHY/yatishSemII/try/mult_top.v" Line 683: Size mismatch in connection of port <recv_ports_54_putNonFullVCs_nonFullVCs>. Formal port size is 2-bit while actual signal size is 32-bit.
WARNING:HDLCompiler:189 - "/root/Desktop/MTP/PHY/yatishSemII/try/mult_top.v" Line 694: Size mismatch in connection of port <recv_ports_55_putNonFullVCs_nonFullVCs>. Formal port size is 2-bit while actual signal size is 32-bit.
WARNING:HDLCompiler:189 - "/root/Desktop/MTP/PHY/yatishSemII/try/mult_top.v" Line 705: Size mismatch in connection of port <recv_ports_56_putNonFullVCs_nonFullVCs>. Formal port size is 2-bit while actual signal size is 32-bit.
WARNING:HDLCompiler:189 - "/root/Desktop/MTP/PHY/yatishSemII/try/mult_top.v" Line 716: Size mismatch in connection of port <recv_ports_57_putNonFullVCs_nonFullVCs>. Formal port size is 2-bit while actual signal size is 32-bit.
WARNING:HDLCompiler:189 - "/root/Desktop/MTP/PHY/yatishSemII/try/mult_top.v" Line 727: Size mismatch in connection of port <recv_ports_58_putNonFullVCs_nonFullVCs>. Formal port size is 2-bit while actual signal size is 32-bit.
WARNING:HDLCompiler:189 - "/root/Desktop/MTP/PHY/yatishSemII/try/mult_top.v" Line 738: Size mismatch in connection of port <recv_ports_59_putNonFullVCs_nonFullVCs>. Formal port size is 2-bit while actual signal size is 32-bit.
WARNING:HDLCompiler:189 - "/root/Desktop/MTP/PHY/yatishSemII/try/mult_top.v" Line 749: Size mismatch in connection of port <recv_ports_60_putNonFullVCs_nonFullVCs>. Formal port size is 2-bit while actual signal size is 32-bit.
WARNING:HDLCompiler:189 - "/root/Desktop/MTP/PHY/yatishSemII/try/mult_top.v" Line 760: Size mismatch in connection of port <recv_ports_61_putNonFullVCs_nonFullVCs>. Formal port size is 2-bit while actual signal size is 32-bit.
WARNING:HDLCompiler:189 - "/root/Desktop/MTP/PHY/yatishSemII/try/mult_top.v" Line 771: Size mismatch in connection of port <recv_ports_62_putNonFullVCs_nonFullVCs>. Formal port size is 2-bit while actual signal size is 32-bit.
WARNING:HDLCompiler:189 - "/root/Desktop/MTP/PHY/yatishSemII/try/mult_top.v" Line 782: Size mismatch in connection of port <recv_ports_63_putNonFullVCs_nonFullVCs>. Formal port size is 2-bit while actual signal size is 32-bit.
Completed static elaboration
Fuse Memory Usage: 103600 KB
Fuse CPU Usage: 1410 ms
Compiling module RegFileLoadSyn(file="Mesh/mesh_6...
Compiling module RegFileLoadSyn(file="Mesh/mesh_6...
Compiling module RegFileLoadSyn(file="Mesh/mesh_6...
Compiling module RegFileLoadSyn(file="Mesh/mesh_6...
Compiling module RegFileLoadSyn(file="Mesh/mesh_6...
Compiling module RegFileLoadSyn(file="Mesh/mesh_6...
Compiling module RegFileLoadSyn(file="Mesh/mesh_6...
Compiling module RegFileLoadSyn(file="Mesh/mesh_6...
Compiling module RegFileLoadSyn(file="Mesh/mesh_6...
Compiling module RegFileLoadSyn(file="Mesh/mesh_6...
Compiling module RegFileLoadSyn(file="Mesh/mesh_6...
Compiling module RegFileLoadSyn(file="Mesh/mesh_6...
Compiling module RegFileLoadSyn(file="Mesh/mesh_6...
Compiling module RegFileLoadSyn(file="Mesh/mesh_6...
Compiling module RegFileLoadSyn(file="Mesh/mesh_6...
Compiling module RegFileLoadSyn(file="Mesh/mesh_6...
Compiling module RegFileLoadSyn(file="Mesh/mesh_6...
Compiling module RegFileLoadSyn(file="Mesh/mesh_6...
Compiling module RegFileLoadSyn(file="Mesh/mesh_6...
Compiling module RegFileLoadSyn(file="Mesh/mesh_6...
Compiling module RegFileLoadSyn(file="Mesh/mesh_6...
Compiling module RegFileLoadSyn(file="Mesh/mesh_6...
Compiling module RegFileLoadSyn(file="Mesh/mesh_6...
Compiling module RegFileLoadSyn(file="Mesh/mesh_6...
Compiling module RegFileLoadSyn(file="Mesh/mesh_6...
Compiling module RegFileLoadSyn(file="Mesh/mesh_6...
Compiling module RegFileLoadSyn(file="Mesh/mesh_6...
Compiling module RegFileLoadSyn(file="Mesh/mesh_6...
Compiling module RegFileLoadSyn(file="Mesh/mesh_6...
Compiling module RegFileLoadSyn(file="Mesh/mesh_6...
Compiling module RegFileLoadSyn(file="Mesh/mesh_6...
Compiling module RegFileLoadSyn(file="Mesh/mesh_6...
Compiling module RegFileLoadSyn(file="Mesh/mesh_6...
Compiling module RegFileLoadSyn(file="Mesh/mesh_6...
Compiling module RegFileLoadSyn(file="Mesh/mesh_6...
Compiling module RegFileLoadSyn(file="Mesh/mesh_6...
Compiling module RegFileLoadSyn(file="Mesh/mesh_6...
Compiling module RegFileLoadSyn(file="Mesh/mesh_6...
Compiling module RegFileLoadSyn(file="Mesh/mesh_6...
Compiling module RegFileLoadSyn(file="Mesh/mesh_6...
Compiling module RegFileLoadSyn(file="Mesh/mesh_6...
Compiling module RegFileLoadSyn(file="Mesh/mesh_6...
Compiling module RegFileLoadSyn(file="Mesh/mesh_6...
Compiling module RegFileLoadSyn(file="Mesh/mesh_6...
Compiling module RegFileLoadSyn(file="Mesh/mesh_6...
Compiling module RegFileLoadSyn(file="Mesh/mesh_6...
Compiling module RegFileLoadSyn(file="Mesh/mesh_6...
Compiling module RegFileLoadSyn(file="Mesh/mesh_6...
Compiling module RegFileLoadSyn(file="Mesh/mesh_6...
Compiling module RegFileLoadSyn(file="Mesh/mesh_6...
Compiling module RegFileLoadSyn(file="Mesh/mesh_6...
Compiling module RegFileLoadSyn(file="Mesh/mesh_6...
Compiling module RegFileLoadSyn(file="Mesh/mesh_6...
Compiling module RegFileLoadSyn(file="Mesh/mesh_6...
Compiling module RegFileLoadSyn(file="Mesh/mesh_6...
Compiling module RegFileLoadSyn(file="Mesh/mesh_6...
Compiling module RegFileLoadSyn(file="Mesh/mesh_6...
Compiling module RegFileLoadSyn(file="Mesh/mesh_6...
Compiling module RegFileLoadSyn(file="Mesh/mesh_6...
Compiling module RegFileLoadSyn(file="Mesh/mesh_6...
Compiling module RegFileLoadSyn(file="Mesh/mesh_6...
Compiling module RegFileLoadSyn(file="Mesh/mesh_6...
Compiling module RegFileLoadSyn(file="Mesh/mesh_6...
Compiling module RegFileLoadSyn(file="Mesh/mesh_6...
Compiling module RegFile_1port(data_width=32'b011...
Compiling module mkInputQueue
Compiling module mkOutPortFIFO
Compiling module module_gen_grant_carry
Compiling module mkRouterInputArbitersRoundRobin
Compiling module mkRouterOutputArbitersRoundRobin
Compiling module mkSepRouterAllocator
Compiling module module_outport_encoder
Compiling module mkIQRouterCoreSimple
Compiling module mkNetworkSimple
Compiling module multNode_default
Compiling module LUT(file_name="/data/preprocesse...
Compiling module LUT(file_name="/data/preprocesse...
Compiling module LUT(file_name="/data/preprocesse...
Compiling module LUT(file_name="/data/preprocesse...
Compiling module LUT(file_name="/data/preprocesse...
Compiling module LUT(file_name="/data/preprocesse...
Compiling module LUT(file_name="/data/preprocesse...
Compiling module LUT(file_name="/data/preprocesse...
Compiling module LUT(file_name="/data/preprocesse...
Compiling module LUT(file_name="/data/preprocesse...
Compiling module LUT(file_name="/data/preprocesse...
Compiling module LUT(file_name="/data/preprocesse...
Compiling module LUT(file_name="/data/preprocesse...
Compiling module LUT(file_name="/data/preprocesse...
Compiling module LUT(file_name="/data/preprocesse...
Compiling module LUT(file_name="/data/preprocesse...
Compiling module LUT(file_name="/data/preprocesse...
Compiling module LUT(file_name="/data/preprocesse...
Compiling module LUT(file_name="/data/preprocesse...
Compiling module LUT(file_name="/data/preprocesse...
Compiling module LUT(file_name="/data/preprocesse...
Compiling module LUT(file_name="/data/preprocesse...
Compiling module LUT(file_name="/data/preprocesse...
Compiling module LUT(file_name="/data/preprocesse...
Compiling module LUT(file_name="/data/preprocesse...
Compiling module LUT(file_name="/data/preprocesse...
Compiling module LUT(file_name="/data/preprocesse...
Compiling module LUT(file_name="/data/preprocesse...
Compiling module LUT(file_name="/data/preprocesse...
Compiling module LUT(file_name="/data/preprocesse...
Compiling module LUT(file_name="/data/preprocesse...
Compiling module LUT(file_name="/data/preprocesse...
Compiling module LUT(file_name="/data/preprocesse...
Compiling module LUT(file_name="/data/preprocesse...
Compiling module LUT(file_name="/data/preprocesse...
Compiling module LUT(file_name="/data/preprocesse...
Compiling module LUT(file_name="/data/preprocesse...
Compiling module LUT(file_name="/data/preprocesse...
Compiling module LUT(file_name="/data/preprocesse...
Compiling module LUT(file_name="/data/preprocesse...
Compiling module LUT(file_name="/data/preprocesse...
Compiling module LUT(file_name="/data/preprocesse...
Compiling module LUT(file_name="/data/preprocesse...
Compiling module LUT(file_name="/data/preprocesse...
Compiling module LUT(file_name="/data/preprocesse...
Compiling module LUT(file_name="/data/preprocesse...
Compiling module LUT(file_name="/data/preprocesse...
Compiling module LUT(file_name="/data/preprocesse...
Compiling module LUT(file_name="/data/preprocesse...
Compiling module LUT(file_name="/data/preprocesse...
Compiling module LUT(file_name="/data/preprocesse...
Compiling module LUT(file_name="/data/preprocesse...
Compiling module LUT(file_name="/data/preprocesse...
Compiling module LUT(file_name="/data/preprocesse...
Compiling module LUT(file_name="/data/preprocesse...
Compiling module LUT(file_name="/data/preprocesse...
Compiling module LUT(file_name="/data/preprocesse...
Compiling module LUT(file_name="/data/preprocesse...
Compiling module LUT(file_name="/data/preprocesse...
Compiling module LUT(file_name="/data/preprocesse...
Compiling module LUT(file_name="/data/preprocesse...
Compiling module LUT(file_name="/data/preprocesse...
Compiling module LUT(file_name="/data/preprocesse...
Compiling module LUT(file_name="/data/preprocesse...
Compiling module mult_top_default
Compiling module chnl_tester
Compiling module glbl
Time Resolution for simulation is 1ps.
Waiting for 34 sub-compilation(s) to finish...
Compiled 142 Verilog Units
Built simulation executable /root/Desktop/MTP/PHY/yatishSemII/try/chnl_tester_isim_beh.exe
Fuse Memory Usage: 1219880 KB
Fuse CPU Usage: 3300 ms
GCC CPU Usage: 35310 ms
