This is pdfTeX, Version 3.1415926-2.5-1.40.14 (MiKTeX 2.9 64-bit) (preloaded format=pdflatex 2015.6.14)  26 JUN 2015 14:43
entering extended mode
**D:/Academic(123076007)/CoursesAndMTP/MTP/MTP*Report/Stage-II/phase_2_presenta
tion/Saurabh_mtp_presentation.tex

("D:/Academic(123076007)/CoursesAndMTP/MTP/MTP Report/Stage-II/phase_2_presenta
tion/Saurabh_mtp_presentation.tex"
LaTeX2e <2011/06/27>
Babel <v3.8m> and hyphenation patterns for english, afrikaans, ancientgreek, ar
abic, armenian, assamese, basque, bengali, bokmal, bulgarian, catalan, coptic, 
croatian, czech, danish, dutch, esperanto, estonian, farsi, finnish, french, ga
lician, german, german-x-2013-05-26, greek, gujarati, hindi, hungarian, iceland
ic, indonesian, interlingua, irish, italian, kannada, kurmanji, latin, latvian,
 lithuanian, malayalam, marathi, mongolian, mongolianlmc, monogreek, ngerman, n
german-x-2013-05-26, nynorsk, oriya, panjabi, pinyin, polish, portuguese, roman
ian, russian, sanskrit, serbian, slovak, slovenian, spanish, swedish, swissgerm
an, tamil, telugu, turkish, turkmen, ukenglish, ukrainian, uppersorbian, usengl
ishmax, welsh, loaded.
\@input{PackageSettings.aux}

("D:\Academic(123076007)\CoursesAndMTP\MTP\MTP Report\Stage-II\phase_2_presenta
tion\PackageSettings.tex"
(C:\Users\Saurabh\AppData\Roaming\MiKTeX\2.9\tex\latex\beamer\base\beamer.cls
(C:\Users\Saurabh\AppData\Roaming\MiKTeX\2.9\tex\latex\beamer\base\beamerbaserc
s.sty
Package: beamerbasercs 2015/03/08 (rcs-revision 368aa9ba9d38)
)
Document Class: beamer 2015/01/05 3.36 A class for typesetting presentations (r
cs-revision 8a39122e1f63)

(C:\Users\Saurabh\AppData\Roaming\MiKTeX\2.9\tex\latex\beamer\base\beamerbasemo
des.sty
Package: beamerbasemodes 2013/09/03 (rcs-revision 768f2d98ca64)
\beamer@tempbox=\box26
\beamer@tempcount=\count79
\c@beamerpauses=\count80

(C:\Users\Saurabh\AppData\Roaming\MiKTeX\2.9\tex\latex\beamer\base\beamerbasede
code.sty
Package: beamerbasedecode 2010/05/01 (rcs-revision efa082c6111d)
\beamer@slideinframe=\count81
\beamer@minimum=\count82
)
\beamer@commentbox=\box27
\beamer@modecount=\count83
) ("C:\Program Files\MiKTeX 2.9\tex\generic\oberdiek\ifpdf.sty"
Package: ifpdf 2011/01/30 v2.3 Provides the ifpdf switch (HO)
Package ifpdf Info: pdfTeX in PDF mode is detected.
)
\headheight=\dimen102
\headdp=\dimen103
\footheight=\dimen104
\sidebarheight=\dimen105
\beamer@tempdim=\dimen106
\beamer@finalheight=\dimen107
\beamer@animht=\dimen108
\beamer@animdp=\dimen109
\beamer@animwd=\dimen110
\beamer@leftmargin=\dimen111
\beamer@rightmargin=\dimen112
\beamer@leftsidebar=\dimen113
\beamer@rightsidebar=\dimen114
\beamer@boxsize=\dimen115
\beamer@vboxoffset=\dimen116
\beamer@descdefault=\dimen117
\beamer@descriptionwidth=\dimen118
\beamer@lastskip=\skip41
\beamer@areabox=\box28
\beamer@animcurrent=\box29
\beamer@animshowbox=\box30
\beamer@sectionbox=\box31
\beamer@logobox=\box32
\beamer@linebox=\box33
\beamer@sectioncount=\count84
\beamer@subsubsectionmax=\count85
\beamer@subsectionmax=\count86
\beamer@sectionmax=\count87
\beamer@totalheads=\count88
\beamer@headcounter=\count89
\beamer@partstartpage=\count90
\beamer@sectionstartpage=\count91
\beamer@subsectionstartpage=\count92
\beamer@animationtempa=\count93
\beamer@animationtempb=\count94
\beamer@xpos=\count95
\beamer@ypos=\count96
\beamer@showpartnumber=\count97
\beamer@currentsubsection=\count98
\beamer@coveringdepth=\count99
\beamer@sectionadjust=\count100
\beamer@tocsectionnumber=\count101

(C:\Users\Saurabh\AppData\Roaming\MiKTeX\2.9\tex\latex\beamer\base\beamerbaseop
tions.sty
Package: beamerbaseoptions 2013/03/10 (rcs-revision 47431932db0d)
 ("C:\Program Files\MiKTeX 2.9\tex\latex\graphics\keyval.sty"
Package: keyval 1999/03/16 v1.13 key=value parser (DPC)
\KV@toks@=\toks14
))
\beamer@paperwidth=\skip42
\beamer@paperheight=\skip43

("C:\Program Files\MiKTeX 2.9\tex\latex\geometry\geometry.sty"
Package: geometry 2010/09/12 v5.6 Page Geometry

("C:\Program Files\MiKTeX 2.9\tex\generic\oberdiek\ifvtex.sty"
Package: ifvtex 2010/03/01 v1.5 Detect VTeX and its facilities (HO)
Package ifvtex Info: VTeX not detected.
)
("C:\Program Files\MiKTeX 2.9\tex\generic\ifxetex\ifxetex.sty"
Package: ifxetex 2010/09/12 v0.6 Provides ifxetex conditional
)
\Gm@cnth=\count102
\Gm@cntv=\count103
\c@Gm@tempcnt=\count104
\Gm@bindingoffset=\dimen119
\Gm@wd@mp=\dimen120
\Gm@odd@mp=\dimen121
\Gm@even@mp=\dimen122
\Gm@layoutwidth=\dimen123
\Gm@layoutheight=\dimen124
\Gm@layouthoffset=\dimen125
\Gm@layoutvoffset=\dimen126
\Gm@dimlist=\toks15

("C:\Program Files\MiKTeX 2.9\tex\latex\geometry\geometry.cfg"))
("C:\Program Files\MiKTeX 2.9\tex\latex\base\size11.clo"
File: size11.clo 2007/10/19 v1.4h Standard LaTeX file (size option)
)
(C:\Users\Saurabh\AppData\Roaming\MiKTeX\2.9\tex\latex\pgf\basiclayer\pgfcore.s
ty ("C:\Program Files\MiKTeX 2.9\tex\latex\graphics\graphicx.sty"
Package: graphicx 1999/02/16 v1.0f Enhanced LaTeX Graphics (DPC,SPQR)

("C:\Program Files\MiKTeX 2.9\tex\latex\graphics\graphics.sty"
Package: graphics 2009/02/05 v1.0o Standard LaTeX Graphics (DPC,SPQR)

("C:\Program Files\MiKTeX 2.9\tex\latex\graphics\trig.sty"
Package: trig 1999/03/16 v1.09 sin cos tan (DPC)
)
("C:\Program Files\MiKTeX 2.9\tex\latex\00miktex\graphics.cfg"
File: graphics.cfg 2007/01/18 v1.5 graphics configuration of teTeX/TeXLive
)
Package graphics Info: Driver file: pdftex.def on input line 91.

("C:\Program Files\MiKTeX 2.9\tex\latex\pdftex-def\pdftex.def"
File: pdftex.def 2011/05/27 v0.06d Graphics/color for pdfTeX

("C:\Program Files\MiKTeX 2.9\tex\generic\oberdiek\infwarerr.sty"
Package: infwarerr 2010/04/08 v1.3 Providing info/warning/error messages (HO)
)
("C:\Program Files\MiKTeX 2.9\tex\generic\oberdiek\ltxcmds.sty"
Package: ltxcmds 2011/11/09 v1.22 LaTeX kernel commands for general use (HO)
)
\Gread@gobject=\count105
))
\Gin@req@height=\dimen127
\Gin@req@width=\dimen128
)
(C:\Users\Saurabh\AppData\Roaming\MiKTeX\2.9\tex\latex\pgf\systemlayer\pgfsys.s
ty
(C:\Users\Saurabh\AppData\Roaming\MiKTeX\2.9\tex\latex\pgf\utilities\pgfrcs.sty

(C:\Users\Saurabh\AppData\Roaming\MiKTeX\2.9\tex\generic\pgf\utilities\pgfutil-
common.tex
\pgfutil@everybye=\toks16
\pgfutil@tempdima=\dimen129
\pgfutil@tempdimb=\dimen130

(C:\Users\Saurabh\AppData\Roaming\MiKTeX\2.9\tex\generic\pgf\utilities\pgfutil-
common-lists.tex))
(C:\Users\Saurabh\AppData\Roaming\MiKTeX\2.9\tex\generic\pgf\utilities\pgfutil-
latex.def
\pgfutil@abb=\box34

(C:\Users\Saurabh\AppData\Roaming\MiKTeX\2.9\tex\latex\ms\everyshi.sty
Package: everyshi 2001/05/15 v3.00 EveryShipout Package (MS)
))
(C:\Users\Saurabh\AppData\Roaming\MiKTeX\2.9\tex\generic\pgf\utilities\pgfrcs.c
ode.tex
Package: pgfrcs 2013/12/20 v3.0.0 (rcs-revision 1.28)
))
(C:\Users\Saurabh\AppData\Roaming\MiKTeX\2.9\tex\generic\pgf\systemlayer\pgfsys
.code.tex
Package: pgfsys 2013/11/30 v3.0.0 (rcs-revision 1.47)

(C:\Users\Saurabh\AppData\Roaming\MiKTeX\2.9\tex\generic\pgf\utilities\pgfkeys.
code.tex
\pgfkeys@pathtoks=\toks17
\pgfkeys@temptoks=\toks18

(C:\Users\Saurabh\AppData\Roaming\MiKTeX\2.9\tex\generic\pgf\utilities\pgfkeysf
iltered.code.tex
\pgfkeys@tmptoks=\toks19
))
\pgf@x=\dimen131
\pgf@y=\dimen132
\pgf@xa=\dimen133
\pgf@ya=\dimen134
\pgf@xb=\dimen135
\pgf@yb=\dimen136
\pgf@xc=\dimen137
\pgf@yc=\dimen138
\w@pgf@writea=\write3
\r@pgf@reada=\read1
\c@pgf@counta=\count106
\c@pgf@countb=\count107
\c@pgf@countc=\count108
\c@pgf@countd=\count109
\t@pgf@toka=\toks20
\t@pgf@tokb=\toks21
\t@pgf@tokc=\toks22

(C:\Users\Saurabh\AppData\Roaming\MiKTeX\2.9\tex\generic\pgf\systemlayer\pgf.cf
g
File: pgf.cfg 2008/05/14  (rcs-revision 1.7)
)
Driver file for pgf: pgfsys-pdftex.def

(C:\Users\Saurabh\AppData\Roaming\MiKTeX\2.9\tex\generic\pgf\systemlayer\pgfsys
-pdftex.def
File: pgfsys-pdftex.def 2013/07/18  (rcs-revision 1.33)

(C:\Users\Saurabh\AppData\Roaming\MiKTeX\2.9\tex\generic\pgf\systemlayer\pgfsys
-common-pdf.def
File: pgfsys-common-pdf.def 2013/10/10  (rcs-revision 1.13)
)))
(C:\Users\Saurabh\AppData\Roaming\MiKTeX\2.9\tex\generic\pgf\systemlayer\pgfsys
softpath.code.tex
File: pgfsyssoftpath.code.tex 2013/09/09  (rcs-revision 1.9)
\pgfsyssoftpath@smallbuffer@items=\count110
\pgfsyssoftpath@bigbuffer@items=\count111
)
(C:\Users\Saurabh\AppData\Roaming\MiKTeX\2.9\tex\generic\pgf\systemlayer\pgfsys
protocol.code.tex
File: pgfsysprotocol.code.tex 2006/10/16  (rcs-revision 1.4)
)) ("C:\Program Files\MiKTeX 2.9\tex\latex\xcolor\xcolor.sty"
Package: xcolor 2007/01/21 v2.11 LaTeX color extensions (UK)

("C:\Program Files\MiKTeX 2.9\tex\latex\00miktex\color.cfg"
File: color.cfg 2007/01/18 v1.5 color configuration of teTeX/TeXLive
)
Package xcolor Info: Driver file: pdftex.def on input line 225.
Package xcolor Info: Model `cmy' substituted by `cmy0' on input line 1337.
Package xcolor Info: Model `hsb' substituted by `rgb' on input line 1341.
Package xcolor Info: Model `RGB' extended on input line 1353.
Package xcolor Info: Model `HTML' substituted by `rgb' on input line 1355.
Package xcolor Info: Model `Hsb' substituted by `hsb' on input line 1356.
Package xcolor Info: Model `tHsb' substituted by `hsb' on input line 1357.
Package xcolor Info: Model `HSB' substituted by `hsb' on input line 1358.
Package xcolor Info: Model `Gray' substituted by `gray' on input line 1359.
Package xcolor Info: Model `wave' substituted by `hsb' on input line 1360.
)
(C:\Users\Saurabh\AppData\Roaming\MiKTeX\2.9\tex\generic\pgf\basiclayer\pgfcore
.code.tex
Package: pgfcore 2010/04/11 v3.0.0 (rcs-revision 1.7)

(C:\Users\Saurabh\AppData\Roaming\MiKTeX\2.9\tex\generic\pgf\math\pgfmath.code.
tex
(C:\Users\Saurabh\AppData\Roaming\MiKTeX\2.9\tex\generic\pgf\math\pgfmathcalc.c
ode.tex
(C:\Users\Saurabh\AppData\Roaming\MiKTeX\2.9\tex\generic\pgf\math\pgfmathutil.c
ode.tex)
(C:\Users\Saurabh\AppData\Roaming\MiKTeX\2.9\tex\generic\pgf\math\pgfmathparser
.code.tex
\pgfmath@dimen=\dimen139
\pgfmath@count=\count112
\pgfmath@box=\box35
\pgfmath@toks=\toks23
\pgfmath@stack@operand=\toks24
\pgfmath@stack@operation=\toks25
)
(C:\Users\Saurabh\AppData\Roaming\MiKTeX\2.9\tex\generic\pgf\math\pgfmathfuncti
ons.code.tex
(C:\Users\Saurabh\AppData\Roaming\MiKTeX\2.9\tex\generic\pgf\math\pgfmathfuncti
ons.basic.code.tex)
(C:\Users\Saurabh\AppData\Roaming\MiKTeX\2.9\tex\generic\pgf\math\pgfmathfuncti
ons.trigonometric.code.tex)
(C:\Users\Saurabh\AppData\Roaming\MiKTeX\2.9\tex\generic\pgf\math\pgfmathfuncti
ons.random.code.tex)
(C:\Users\Saurabh\AppData\Roaming\MiKTeX\2.9\tex\generic\pgf\math\pgfmathfuncti
ons.comparison.code.tex)
(C:\Users\Saurabh\AppData\Roaming\MiKTeX\2.9\tex\generic\pgf\math\pgfmathfuncti
ons.base.code.tex)
(C:\Users\Saurabh\AppData\Roaming\MiKTeX\2.9\tex\generic\pgf\math\pgfmathfuncti
ons.round.code.tex)
(C:\Users\Saurabh\AppData\Roaming\MiKTeX\2.9\tex\generic\pgf\math\pgfmathfuncti
ons.misc.code.tex)
(C:\Users\Saurabh\AppData\Roaming\MiKTeX\2.9\tex\generic\pgf\math\pgfmathfuncti
ons.integerarithmetics.code.tex)))
(C:\Users\Saurabh\AppData\Roaming\MiKTeX\2.9\tex\generic\pgf\math\pgfmathfloat.
code.tex
\c@pgfmathroundto@lastzeros=\count113
))
(C:\Users\Saurabh\AppData\Roaming\MiKTeX\2.9\tex\generic\pgf\basiclayer\pgfcore
points.code.tex
File: pgfcorepoints.code.tex 2013/10/07  (rcs-revision 1.27)
\pgf@picminx=\dimen140
\pgf@picmaxx=\dimen141
\pgf@picminy=\dimen142
\pgf@picmaxy=\dimen143
\pgf@pathminx=\dimen144
\pgf@pathmaxx=\dimen145
\pgf@pathminy=\dimen146
\pgf@pathmaxy=\dimen147
\pgf@xx=\dimen148
\pgf@xy=\dimen149
\pgf@yx=\dimen150
\pgf@yy=\dimen151
\pgf@zx=\dimen152
\pgf@zy=\dimen153
)
(C:\Users\Saurabh\AppData\Roaming\MiKTeX\2.9\tex\generic\pgf\basiclayer\pgfcore
pathconstruct.code.tex
File: pgfcorepathconstruct.code.tex 2013/10/07  (rcs-revision 1.29)
\pgf@path@lastx=\dimen154
\pgf@path@lasty=\dimen155
)
(C:\Users\Saurabh\AppData\Roaming\MiKTeX\2.9\tex\generic\pgf\basiclayer\pgfcore
pathusage.code.tex
File: pgfcorepathusage.code.tex 2013/12/13  (rcs-revision 1.23)
\pgf@shorten@end@additional=\dimen156
\pgf@shorten@start@additional=\dimen157
)
(C:\Users\Saurabh\AppData\Roaming\MiKTeX\2.9\tex\generic\pgf\basiclayer\pgfcore
scopes.code.tex
File: pgfcorescopes.code.tex 2013/10/09  (rcs-revision 1.44)
\pgfpic=\box36
\pgf@hbox=\box37
\pgf@layerbox@main=\box38
\pgf@picture@serial@count=\count114
)
(C:\Users\Saurabh\AppData\Roaming\MiKTeX\2.9\tex\generic\pgf\basiclayer\pgfcore
graphicstate.code.tex
File: pgfcoregraphicstate.code.tex 2013/09/19  (rcs-revision 1.11)
\pgflinewidth=\dimen158
)
(C:\Users\Saurabh\AppData\Roaming\MiKTeX\2.9\tex\generic\pgf\basiclayer\pgfcore
transformations.code.tex
File: pgfcoretransformations.code.tex 2013/10/10  (rcs-revision 1.17)
\pgf@pt@x=\dimen159
\pgf@pt@y=\dimen160
\pgf@pt@temp=\dimen161
)
(C:\Users\Saurabh\AppData\Roaming\MiKTeX\2.9\tex\generic\pgf\basiclayer\pgfcore
quick.code.tex
File: pgfcorequick.code.tex 2008/10/09  (rcs-revision 1.3)
)
(C:\Users\Saurabh\AppData\Roaming\MiKTeX\2.9\tex\generic\pgf\basiclayer\pgfcore
objects.code.tex
File: pgfcoreobjects.code.tex 2006/10/11  (rcs-revision 1.2)
)
(C:\Users\Saurabh\AppData\Roaming\MiKTeX\2.9\tex\generic\pgf\basiclayer\pgfcore
pathprocessing.code.tex
File: pgfcorepathprocessing.code.tex 2013/09/09  (rcs-revision 1.9)
)
(C:\Users\Saurabh\AppData\Roaming\MiKTeX\2.9\tex\generic\pgf\basiclayer\pgfcore
arrows.code.tex
File: pgfcorearrows.code.tex 2013/11/07  (rcs-revision 1.40)
\pgfarrowsep=\dimen162
)
(C:\Users\Saurabh\AppData\Roaming\MiKTeX\2.9\tex\generic\pgf\basiclayer\pgfcore
shade.code.tex
File: pgfcoreshade.code.tex 2013/07/15  (rcs-revision 1.15)
\pgf@max=\dimen163
\pgf@sys@shading@range@num=\count115
)
(C:\Users\Saurabh\AppData\Roaming\MiKTeX\2.9\tex\generic\pgf\basiclayer\pgfcore
image.code.tex
File: pgfcoreimage.code.tex 2013/07/15  (rcs-revision 1.18)

(C:\Users\Saurabh\AppData\Roaming\MiKTeX\2.9\tex\generic\pgf\basiclayer\pgfcore
external.code.tex
File: pgfcoreexternal.code.tex 2013/07/15  (rcs-revision 1.20)
\pgfexternal@startupbox=\box39
))
(C:\Users\Saurabh\AppData\Roaming\MiKTeX\2.9\tex\generic\pgf\basiclayer\pgfcore
layers.code.tex
File: pgfcorelayers.code.tex 2013/07/18  (rcs-revision 1.7)
)
(C:\Users\Saurabh\AppData\Roaming\MiKTeX\2.9\tex\generic\pgf\basiclayer\pgfcore
transparency.code.tex
File: pgfcoretransparency.code.tex 2013/09/30  (rcs-revision 1.5)
)
(C:\Users\Saurabh\AppData\Roaming\MiKTeX\2.9\tex\generic\pgf\basiclayer\pgfcore
patterns.code.tex
File: pgfcorepatterns.code.tex 2013/11/07  (rcs-revision 1.5)
)))
(C:\Users\Saurabh\AppData\Roaming\MiKTeX\2.9\tex\latex\pgf\utilities\xxcolor.st
y
Package: xxcolor 2003/10/24 ver 0.1
\XC@nummixins=\count116
\XC@countmixins=\count117
) ("C:\Program Files\MiKTeX 2.9\tex\generic\oberdiek\atbegshi.sty"
Package: atbegshi 2011/10/05 v1.16 At begin shipout hook (HO)
)
("C:\Program Files\MiKTeX 2.9\tex\latex\hyperref\hyperref.sty"
Package: hyperref 2012/11/06 v6.83m Hypertext links for LaTeX

("C:\Program Files\MiKTeX 2.9\tex\generic\oberdiek\hobsub-hyperref.sty"
Package: hobsub-hyperref 2012/04/25 v1.12 Bundle oberdiek, subset hyperref (HO)


("C:\Program Files\MiKTeX 2.9\tex\generic\oberdiek\hobsub-generic.sty"
Package: hobsub-generic 2012/04/25 v1.12 Bundle oberdiek, subset generic (HO)
Package: hobsub 2012/04/25 v1.12 Construct package bundles (HO)
Package hobsub Info: Skipping package `infwarerr' (already loaded).
Package hobsub Info: Skipping package `ltxcmds' (already loaded).
Package: ifluatex 2010/03/01 v1.3 Provides the ifluatex switch (HO)
Package ifluatex Info: LuaTeX not detected.
Package hobsub Info: Skipping package `ifvtex' (already loaded).
Package: intcalc 2007/09/27 v1.1 Expandable calculations with integers (HO)
Package hobsub Info: Skipping package `ifpdf' (already loaded).
Package: etexcmds 2011/02/16 v1.5 Avoid name clashes with e-TeX commands (HO)
Package etexcmds Info: Could not find \expanded.
(etexcmds)             That can mean that you are not using pdfTeX 1.50 or
(etexcmds)             that some package has redefined \expanded.
(etexcmds)             In the latter case, load this package earlier.
Package: kvsetkeys 2012/04/25 v1.16 Key value parser (HO)
Package: kvdefinekeys 2011/04/07 v1.3 Define keys (HO)
Package: pdftexcmds 2011/11/29 v0.20 Utility functions of pdfTeX for LuaTeX (HO
)
Package pdftexcmds Info: LuaTeX not detected.
Package pdftexcmds Info: \pdf@primitive is available.
Package pdftexcmds Info: \pdf@ifprimitive is available.
Package pdftexcmds Info: \pdfdraftmode found.
Package: pdfescape 2011/11/25 v1.13 Implements pdfTeX's escape features (HO)
Package: bigintcalc 2012/04/08 v1.3 Expandable calculations on big integers (HO
)
Package: bitset 2011/01/30 v1.1 Handle bit-vector datatype (HO)
Package: uniquecounter 2011/01/30 v1.2 Provide unlimited unique counter (HO)
)
Package hobsub Info: Skipping package `hobsub' (already loaded).
Package: letltxmacro 2010/09/02 v1.4 Let assignment for LaTeX macros (HO)
Package: hopatch 2011/06/24 v1.1 Wrapper for package hooks (HO)
Package: xcolor-patch 2011/01/30 xcolor patch
Package: atveryend 2011/06/30 v1.8 Hooks at the very end of document (HO)
Package atveryend Info: \enddocument detected (standard20110627).
Package hobsub Info: Skipping package `atbegshi' (already loaded).
Package: refcount 2011/10/16 v3.4 Data extraction from label references (HO)
Package: hycolor 2011/01/30 v1.7 Color options for hyperref/bookmark (HO)
)
("C:\Program Files\MiKTeX 2.9\tex\latex\oberdiek\auxhook.sty"
Package: auxhook 2011/03/04 v1.3 Hooks for auxiliary files (HO)
)
("C:\Program Files\MiKTeX 2.9\tex\latex\oberdiek\kvoptions.sty"
Package: kvoptions 2011/06/30 v3.11 Key value format for package options (HO)
)
\@linkdim=\dimen164
\Hy@linkcounter=\count118
\Hy@pagecounter=\count119

("C:\Program Files\MiKTeX 2.9\tex\latex\hyperref\pd1enc.def"
File: pd1enc.def 2012/11/06 v6.83m Hyperref: PDFDocEncoding definition (HO)
)
\Hy@SavedSpaceFactor=\count120

("C:\Program Files\MiKTeX 2.9\tex\latex\00miktex\hyperref.cfg"
File: hyperref.cfg 2002/06/06 v1.2 hyperref configuration of TeXLive
)
Package hyperref Info: Option `bookmarks' set `true' on input line 4319.
Package hyperref Info: Option `bookmarksopen' set `true' on input line 4319.
Package hyperref Info: Option `implicit' set `false' on input line 4319.
Package hyperref Info: Hyper figures OFF on input line 4443.
Package hyperref Info: Link nesting OFF on input line 4448.
Package hyperref Info: Hyper index ON on input line 4451.
Package hyperref Info: Plain pages OFF on input line 4458.
Package hyperref Info: Backreferencing OFF on input line 4463.
Package hyperref Info: Implicit mode OFF; no redefinition of LaTeX internals.
Package hyperref Info: Bookmarks ON on input line 4688.
\c@Hy@tempcnt=\count121

(C:\Users\Saurabh\AppData\Roaming\MiKTeX\2.9\tex\latex\url\url.sty
\Urlmuskip=\muskip10
Package: url 2013/09/16  ver 3.4  Verb mode for urls, etc.
)
LaTeX Info: Redefining \url on input line 5041.
\XeTeXLinkMargin=\dimen165
\Fld@menulength=\count122
\Field@Width=\dimen166
\Fld@charsize=\dimen167
Package hyperref Info: Hyper figures OFF on input line 6295.
Package hyperref Info: Link nesting OFF on input line 6300.
Package hyperref Info: Hyper index ON on input line 6303.
Package hyperref Info: backreferencing OFF on input line 6310.
Package hyperref Info: Link coloring OFF on input line 6315.
Package hyperref Info: Link coloring with OCG OFF on input line 6320.
Package hyperref Info: PDF/A mode OFF on input line 6325.
LaTeX Info: Redefining \ref on input line 6365.
LaTeX Info: Redefining \pageref on input line 6369.
\Hy@abspage=\count123


Package hyperref Message: Stopped early.

)

Package hyperref Message: Driver (autodetected): hpdftex.

("C:\Program Files\MiKTeX 2.9\tex\latex\hyperref\hpdftex.def"
File: hpdftex.def 2012/11/06 v6.83m Hyperref driver for pdfTeX
\Fld@listcount=\count124
\c@bookmark@seq@number=\count125

("C:\Program Files\MiKTeX 2.9\tex\latex\oberdiek\rerunfilecheck.sty"
Package: rerunfilecheck 2011/04/15 v1.7 Rerun checks for auxiliary files (HO)
Package uniquecounter Info: New unique counter `rerunfilecheck' on input line 2
82.
))
(C:\Users\Saurabh\AppData\Roaming\MiKTeX\2.9\tex\latex\beamer\base\beamerbasere
quires.sty
Package: beamerbaserequires 2010/05/01  (rcs-revision efa082c6111d)

(C:\Users\Saurabh\AppData\Roaming\MiKTeX\2.9\tex\latex\beamer\base\beamerbaseco
mpatibility.sty
Package: beamerbasecompatibility 2012/05/01  (rcs-revision 67c48b3b652d)
)
(C:\Users\Saurabh\AppData\Roaming\MiKTeX\2.9\tex\latex\beamer\base\beamerbasefo
nt.sty
Package: beamerbasefont 2015/01/05  (rcs-revision b4b4bee242e2)
 ("C:\Program Files\MiKTeX 2.9\tex\latex\amsfonts\amssymb.sty"
Package: amssymb 2013/01/14 v3.01 AMS font symbols

("C:\Program Files\MiKTeX 2.9\tex\latex\amsfonts\amsfonts.sty"
Package: amsfonts 2013/01/14 v3.01 Basic AMSFonts support
\@emptytoks=\toks26
\symAMSa=\mathgroup4
\symAMSb=\mathgroup5
LaTeX Font Info:    Overwriting math alphabet `\mathfrak' in version `bold'
(Font)                  U/euf/m/n --> U/euf/b/n on input line 106.
))
(C:\Users\Saurabh\AppData\Roaming\MiKTeX\2.9\tex\latex\sansmathaccent\sansmatha
ccent.sty
Package: sansmathaccent 2013/03/28

(C:\Users\Saurabh\AppData\Roaming\MiKTeX\2.9\tex\latex\filehook\filehook.sty
Package: filehook 2011/10/12 v0.5d Hooks for input files
)))
(C:\Users\Saurabh\AppData\Roaming\MiKTeX\2.9\tex\latex\beamer\base\beamerbasetr
anslator.sty
Package: beamerbasetranslator 2010/06/11  (rcs-revision 85fd1cc7fc42)

(C:\Users\Saurabh\AppData\Roaming\MiKTeX\2.9\tex\latex\beamer\base\translator\t
ranslator.sty
Package: translator 2010/06/12 ver 1.10

(C:\Users\Saurabh\AppData\Roaming\MiKTeX\2.9\tex\latex\beamer\base\translator\t
ranslator-language-mappings.tex)))
(C:\Users\Saurabh\AppData\Roaming\MiKTeX\2.9\tex\latex\beamer\base\beamerbasemi
sc.sty
Package: beamerbasemisc 2013/09/03  (rcs-revision a55719c41d85)
)
(C:\Users\Saurabh\AppData\Roaming\MiKTeX\2.9\tex\latex\beamer\base\beamerbasetw
oscreens.sty
Package: beamerbasetwoscreens 2010/05/01  (rcs-revision efa082c6111d)
)
(C:\Users\Saurabh\AppData\Roaming\MiKTeX\2.9\tex\latex\beamer\base\beamerbaseov
erlay.sty
Package: beamerbaseoverlay 2013/12/25  (rcs-revision f6bd5e3805da)
\beamer@argscount=\count126
\beamer@lastskipcover=\skip44
\beamer@trivlistdepth=\count127
)
(C:\Users\Saurabh\AppData\Roaming\MiKTeX\2.9\tex\latex\beamer\base\beamerbaseti
tle.sty
Package: beamerbasetitle 2010/09/21  (rcs-revision f0446ed0b6ae)
)
(C:\Users\Saurabh\AppData\Roaming\MiKTeX\2.9\tex\latex\beamer\base\beamerbasese
ction.sty
Package: beamerbasesection 2013/06/07  (rcs-revision 60b9fe0f342f)
\c@lecture=\count128
\c@part=\count129
\c@section=\count130
\c@subsection=\count131
\c@subsubsection=\count132
)
(C:\Users\Saurabh\AppData\Roaming\MiKTeX\2.9\tex\latex\beamer\base\beamerbasefr
ame.sty
Package: beamerbaseframe 2014/02/20  (rcs-revision 4b8ceeeff434)
\beamer@framebox=\box40
\beamer@frametitlebox=\box41
\beamer@zoombox=\box42
\beamer@zoomcount=\count133
\beamer@zoomframecount=\count134
\beamer@frametextheight=\dimen168
\c@subsectionslide=\count135
\beamer@frametopskip=\skip45
\beamer@framebottomskip=\skip46
\beamer@frametopskipautobreak=\skip47
\beamer@framebottomskipautobreak=\skip48
\beamer@envbody=\toks27
\framewidth=\dimen169
\c@framenumber=\count136
)
(C:\Users\Saurabh\AppData\Roaming\MiKTeX\2.9\tex\latex\beamer\base\beamerbaseve
rbatim.sty
Package: beamerbaseverbatim 2015/01/05  (rcs-revision 431510bb5890)
\beamer@verbatimfileout=\write4
)
(C:\Users\Saurabh\AppData\Roaming\MiKTeX\2.9\tex\latex\beamer\base\beamerbasefr
amesize.sty
Package: beamerbaseframesize 2011/09/12  (rcs-revision 70f9d8411e54)
\beamer@splitbox=\box43
\beamer@autobreakcount=\count137
\beamer@autobreaklastheight=\dimen170
\beamer@frametitletoks=\toks28
\beamer@framesubtitletoks=\toks29
)
(C:\Users\Saurabh\AppData\Roaming\MiKTeX\2.9\tex\latex\beamer\base\beamerbasefr
amecomponents.sty
Package: beamerbaseframecomponents 2013/10/18  (rcs-revision 5cf6c5555a45)
\beamer@footins=\box44
)
(C:\Users\Saurabh\AppData\Roaming\MiKTeX\2.9\tex\latex\beamer\base\beamerbaseco
lor.sty
Package: beamerbasecolor 2015/02/21  (rcs-revision d944b04ee2d5)
)
(C:\Users\Saurabh\AppData\Roaming\MiKTeX\2.9\tex\latex\beamer\base\beamerbaseno
tes.sty
Package: beamerbasenotes 2012/12/19  (rcs-revision 1686da3db3c9)
\beamer@frameboxcopy=\box45
)
(C:\Users\Saurabh\AppData\Roaming\MiKTeX\2.9\tex\latex\beamer\base\beamerbaseto
c.sty
Package: beamerbasetoc 2015/03/08  (rcs-revision 7270298bbaae)
)
(C:\Users\Saurabh\AppData\Roaming\MiKTeX\2.9\tex\latex\beamer\base\beamerbasete
mplates.sty
Package: beamerbasetemplates 2010/05/01  (rcs-revision efa082c6111d)
\beamer@sbttoks=\toks30

(C:\Users\Saurabh\AppData\Roaming\MiKTeX\2.9\tex\latex\beamer\base\beamerbaseau
xtemplates.sty
Package: beamerbaseauxtemplates 2014/06/30  (rcs-revision 580088513a67)

(C:\Users\Saurabh\AppData\Roaming\MiKTeX\2.9\tex\latex\beamer\base\beamerbasebo
xes.sty
Package: beamerbaseboxes 2012/05/13  (rcs-revision 56972908a390)
\bmb@box=\box46
\bmb@colorbox=\box47
\bmb@boxshadow=\box48
\bmb@boxshadowball=\box49
\bmb@boxshadowballlarge=\box50
\bmb@temp=\dimen171
\bmb@dima=\dimen172
\bmb@dimb=\dimen173
\bmb@prevheight=\dimen174
)
\beamer@blockheadheight=\dimen175
))
(C:\Users\Saurabh\AppData\Roaming\MiKTeX\2.9\tex\latex\beamer\base\beamerbaselo
calstructure.sty
Package: beamerbaselocalstructure 2014/09/10  (rcs-revision 393f6dcff371)
 ("C:\Program Files\MiKTeX 2.9\tex\latex\tools\enumerate.sty"
Package: enumerate 1999/03/05 v3.00 enumerate extensions (DPC)
\@enLab=\toks31
)
\c@figure=\count138
\c@table=\count139
\abovecaptionskip=\skip49
\belowcaptionskip=\skip50
)
(C:\Users\Saurabh\AppData\Roaming\MiKTeX\2.9\tex\latex\beamer\base\beamerbasena
vigation.sty
Package: beamerbasenavigation 2015/02/27  (rcs-revision 923f4bf87efa)
\beamer@section@min@dim=\dimen176
)
(C:\Users\Saurabh\AppData\Roaming\MiKTeX\2.9\tex\latex\beamer\base\beamerbaseth
eorems.sty
Package: beamerbasetheorems 2010/06/06  (rcs-revision 7e7cc5e53e9d)
 ("C:\Program Files\MiKTeX 2.9\tex\latex\amsmath\amsmath.sty"
Package: amsmath 2013/01/14 v2.14 AMS math features
\@mathmargin=\skip51

For additional information on amsmath, use the `?' option.
("C:\Program Files\MiKTeX 2.9\tex\latex\amsmath\amstext.sty"
Package: amstext 2000/06/29 v2.01

("C:\Program Files\MiKTeX 2.9\tex\latex\amsmath\amsgen.sty"
File: amsgen.sty 1999/11/30 v2.0
\@emptytoks=\toks32
\ex@=\dimen177
))
("C:\Program Files\MiKTeX 2.9\tex\latex\amsmath\amsbsy.sty"
Package: amsbsy 1999/11/29 v1.2d
\pmbraise@=\dimen178
)
("C:\Program Files\MiKTeX 2.9\tex\latex\amsmath\amsopn.sty"
Package: amsopn 1999/12/14 v2.01 operator names
)
\inf@bad=\count140
LaTeX Info: Redefining \frac on input line 210.
\uproot@=\count141
\leftroot@=\count142
LaTeX Info: Redefining \overline on input line 306.
\classnum@=\count143
\DOTSCASE@=\count144
LaTeX Info: Redefining \ldots on input line 378.
LaTeX Info: Redefining \dots on input line 381.
LaTeX Info: Redefining \cdots on input line 466.
\Mathstrutbox@=\box51
\strutbox@=\box52
\big@size=\dimen179
LaTeX Font Info:    Redeclaring font encoding OML on input line 566.
LaTeX Font Info:    Redeclaring font encoding OMS on input line 567.
\macc@depth=\count145
\c@MaxMatrixCols=\count146
\dotsspace@=\muskip11
\c@parentequation=\count147
\dspbrk@lvl=\count148
\tag@help=\toks33
\row@=\count149
\column@=\count150
\maxfields@=\count151
\andhelp@=\toks34
\eqnshift@=\dimen180
\alignsep@=\dimen181
\tagshift@=\dimen182
\tagwidth@=\dimen183
\totwidth@=\dimen184
\lineht@=\dimen185
\@envbody=\toks35
\multlinegap=\skip52
\multlinetaggap=\skip53
\mathdisplay@stack=\toks36
LaTeX Info: Redefining \[ on input line 2665.
LaTeX Info: Redefining \] on input line 2666.
)
("C:\Program Files\MiKTeX 2.9\tex\latex\amscls\amsthm.sty"
Package: amsthm 2015/03/04 v2.20.2
\thm@style=\toks37
\thm@bodyfont=\toks38
\thm@headfont=\toks39
\thm@notefont=\toks40
\thm@headpunct=\toks41
\thm@preskip=\skip54
\thm@postskip=\skip55
\thm@headsep=\skip56
\dth@everypar=\toks42
)
\c@theorem=\count152
)
(C:\Users\Saurabh\AppData\Roaming\MiKTeX\2.9\tex\latex\beamer\base\beamerbaseth
emes.sty
Package: beamerbasethemes 2010/05/01  (rcs-revision efa082c6111d)
))
(C:\Users\Saurabh\AppData\Roaming\MiKTeX\2.9\tex\latex\beamer\base\themes\theme
\beamerthemedefault.sty
Package: beamerthemedefault 2010/06/17  (rcs-revision d02a7cf4d8ae)

(C:\Users\Saurabh\AppData\Roaming\MiKTeX\2.9\tex\latex\beamer\base\themes\font\
beamerfontthemedefault.sty
Package: beamerfontthemedefault 2012/12/19  (rcs-revision 1686da3db3c9)
)
(C:\Users\Saurabh\AppData\Roaming\MiKTeX\2.9\tex\latex\beamer\base\themes\color
\beamercolorthemedefault.sty
Package: beamercolorthemedefault 2012/12/19  (rcs-revision 1686da3db3c9)
)
(C:\Users\Saurabh\AppData\Roaming\MiKTeX\2.9\tex\latex\beamer\base\themes\inner
\beamerinnerthemedefault.sty
Package: beamerinnerthemedefault 2014/06/30  (rcs-revision 580088513a67)
\beamer@dima=\dimen186
\beamer@dimb=\dimen187
)
(C:\Users\Saurabh\AppData\Roaming\MiKTeX\2.9\tex\latex\beamer\base\themes\outer
\beamerouterthemedefault.sty
Package: beamerouterthemedefault 2012/12/19  (rcs-revision 1686da3db3c9)
)))
("C:\Program Files\MiKTeX 2.9\tex\latex\tools\tabularx.sty"
Package: tabularx 1999/01/07 v2.07 `tabularx' package (DPC)

("C:\Program Files\MiKTeX 2.9\tex\latex\tools\array.sty"
Package: array 2008/09/09 v2.4c Tabular extension package (FMi)
\col@sep=\dimen188
\extrarowheight=\dimen189
\NC@list=\toks43
\extratabsurround=\skip57
\backup@length=\skip58
)
\TX@col@width=\dimen190
\TX@old@table=\dimen191
\TX@old@col=\dimen192
\TX@target=\dimen193
\TX@delta=\dimen194
\TX@cols=\count153
\TX@ftn=\toks44
)
(C:\Users\Saurabh\AppData\Roaming\MiKTeX\2.9\tex\latex\beamer\base\themes\theme
\compatibility\beamerthemesplit.sty
Package: beamerthemesplit 2010/06/17  (rcs-revision d02a7cf4d8ae)

(C:\Users\Saurabh\AppData\Roaming\MiKTeX\2.9\tex\latex\beamer\base\themes\color
\beamercolorthemewhale.sty
Package: beamercolorthemewhale 2010/06/17  (rcs-revision d02a7cf4d8ae)
)
(C:\Users\Saurabh\AppData\Roaming\MiKTeX\2.9\tex\latex\beamer\base\themes\outer
\beamerouterthemesplit.sty
Package: beamerouterthemesplit 2012/10/16  (rcs-revision 51a8c72084af)
)
(C:\Users\Saurabh\AppData\Roaming\MiKTeX\2.9\tex\latex\beamer\base\themes\font\
beamerfontthemestructurebold.sty
Package: beamerfontthemestructurebold 2010/06/17  (rcs-revision d02a7cf4d8ae)
))
("C:\Program Files\MiKTeX 2.9\tex\latex\multirow\multirow.sty"
\bigstrutjot=\dimen195
)
("C:\Program Files\MiKTeX 2.9\tex\latex\oberdiek\epstopdf.sty"
Package: epstopdf 2010/02/09 v2.5 Conversion with epstopdf on the fly (HO)

("C:\Program Files\MiKTeX 2.9\tex\latex\oberdiek\epstopdf-base.sty"
Package: epstopdf-base 2010/02/09 v2.5 Base part for package epstopdf

("C:\Program Files\MiKTeX 2.9\tex\latex\oberdiek\grfext.sty"
Package: grfext 2010/08/19 v1.1 Manage graphics extensions (HO)
)
Package grfext Info: Graphics extension search list:
(grfext)             [.png,.pdf,.jpg,.mps,.jpeg,.jbig2,.jb2,.PNG,.PDF,.JPG,.JPE
G,.JBIG2,.JB2,.eps]
(grfext)             \AppendGraphicsExtensions on input line 452.
))
(C:\Users\Saurabh\AppData\Roaming\MiKTeX\2.9\tex\latex\setspace\setspace.sty
Package: setspace 2011/12/19 v6.7a set line spacing
)
("C:\Program Files\MiKTeX 2.9\tex\latex\tools\varioref.sty"
Package: varioref 2011/10/02 v1.4z package for extended references (FMi)
\c@vrcnt=\count154
)
(C:\Users\Saurabh\AppData\Roaming\MiKTeX\2.9\tex\latex\siunitx\siunitx.sty
(C:\Users\Saurabh\AppData\Roaming\MiKTeX\2.9\tex\latex\l3kernel\expl3.sty
Package: expl3 2015/03/01 v5547 L3 programming layer (loader) 

(C:\Users\Saurabh\AppData\Roaming\MiKTeX\2.9\tex\latex\l3kernel\expl3-code.tex
Package: expl3 2015/03/01 v5547 L3 programming layer (code) 
L3 Module: l3bootstrap 2015/02/28 v5542 L3 Bootstrap code

("C:\Program Files\MiKTeX 2.9\tex\latex\misc\etex.sty"
Package: etex 1998/03/26 v2.0 eTeX basic definition package (PEB)
\et@xins=\count155
)
L3 Module: l3names 2015/02/24 v5535 L3 Namespace for primitives
L3 Module: l3basics 2015/01/27 v5500 L3 Basic definitions
L3 Module: l3expan 2014/11/27 v5472 L3 Argument expansion
L3 Module: l3tl 2015/01/27 v5500 L3 Token lists
L3 Module: l3str 2015/03/01 v5545 L3 Strings
L3 Module: l3seq 2014/08/23 v5354 L3 Sequences and stacks
L3 Module: l3int 2015/02/21 v5529 L3 Integers
\c_max_int=\count156
\l_tmpa_int=\count157
\l_tmpb_int=\count158
\g_tmpa_int=\count159
\g_tmpb_int=\count160
L3 Module: l3quark 2014/08/23 v5354 L3 Quarks
L3 Module: l3prg 2014/08/23 v5354 L3 Control structures
\g__prg_map_int=\count161
L3 Module: l3clist 2014/08/23 v5354 L3 Comma separated lists
L3 Module: l3token 2014/09/15 v5422 L3 Experimental token manipulation
L3 Module: l3prop 2014/08/23 v5354 L3 Property lists
L3 Module: l3msg 2015/02/26 v5537 L3 Messages
L3 Module: l3file 2014/08/24 v5369 L3 File and I/O operations
\l_iow_line_count_int=\count162
\l__iow_target_count_int=\count163
\l__iow_current_line_int=\count164
\l__iow_current_word_int=\count165
\l__iow_current_indentation_int=\count166
L3 Module: l3skip 2014/08/23 v5354 L3 Dimensions and skips
\c_zero_dim=\dimen196
\c_max_dim=\dimen197
\l_tmpa_dim=\dimen198
\l_tmpb_dim=\dimen199
\g_tmpa_dim=\dimen200
\g_tmpb_dim=\dimen201
\c_zero_skip=\skip59
\c_max_skip=\skip60
\l_tmpa_skip=\skip61
\l_tmpb_skip=\skip62
\g_tmpa_skip=\skip63
\g_tmpb_skip=\skip64
\c_zero_muskip=\muskip12
\c_max_muskip=\muskip13
\l_tmpa_muskip=\muskip14
\l_tmpb_muskip=\muskip15
\g_tmpa_muskip=\muskip16
\g_tmpb_muskip=\muskip17
L3 Module: l3keys 2015/01/27 v5500 L3 Key-value interfaces
\g__keyval_level_int=\count167
\l_keys_choice_int=\count168
L3 Module: l3fp 2014/08/22 v5336 L3 Floating points
\c__fp_leading_shift_int=\count169
\c__fp_middle_shift_int=\count170
\c__fp_trailing_shift_int=\count171
\c__fp_big_leading_shift_int=\count172
\c__fp_big_middle_shift_int=\count173
\c__fp_big_trailing_shift_int=\count174
\c__fp_Bigg_leading_shift_int=\count175
\c__fp_Bigg_middle_shift_int=\count176
\c__fp_Bigg_trailing_shift_int=\count177
L3 Module: l3box 2014/08/23 v5354 L3 Experimental boxes
\c_empty_box=\box53
\l_tmpa_box=\box54
\l_tmpb_box=\box55
\g_tmpa_box=\box56
\g_tmpb_box=\box57
L3 Module: l3coffins 2014/08/23 v5354 L3 Coffin code layer
\l__coffin_internal_box=\box58
Normal \dimen register pool exhausted, switching to extended pool.
\l__coffin_internal_dim=\dimen256
\l__coffin_offset_x_dim=\dimen257
\l__coffin_offset_y_dim=\dimen258
\l__coffin_x_dim=\dimen259
\l__coffin_y_dim=\dimen260
\l__coffin_x_prime_dim=\dimen261
\l__coffin_y_prime_dim=\dimen262
\c_empty_coffin=\box59
\l__coffin_aligned_coffin=\box60
\l__coffin_aligned_internal_coffin=\box61
\l_tmpa_coffin=\box62
\l_tmpb_coffin=\box63
\l__coffin_display_coffin=\box64
\l__coffin_display_coord_coffin=\box65
\l__coffin_display_pole_coffin=\box66
\l__coffin_display_offset_dim=\dimen263
\l__coffin_display_x_dim=\dimen264
\l__coffin_display_y_dim=\dimen265
L3 Module: l3color 2014/08/23 v5354 L3 Experimental color support
L3 Module: l3candidates 2015/03/01 v5544 L3 Experimental additions to l3kernel
\l__box_top_dim=\dimen266
\l__box_bottom_dim=\dimen267
\l__box_left_dim=\dimen268
\l__box_right_dim=\dimen269
\l__box_top_new_dim=\dimen270
\l__box_bottom_new_dim=\dimen271
\l__box_left_new_dim=\dimen272
\l__box_right_new_dim=\dimen273
\l__box_internal_box=\box67
\l__coffin_bounding_shift_dim=\dimen274
\l__coffin_left_corner_dim=\dimen275
\l__coffin_right_corner_dim=\dimen276
\l__coffin_bottom_corner_dim=\dimen277
\l__coffin_top_corner_dim=\dimen278
\l__coffin_scaled_total_height_dim=\dimen279
\l__coffin_scaled_width_dim=\dimen280
)
(C:\Users\Saurabh\AppData\Roaming\MiKTeX\2.9\tex\latex\l3kernel\l3unicode-data.
def
File: l3unicode-data.def 2015/03/01 v5544 L3 Unicode data
)
(C:\Users\Saurabh\AppData\Roaming\MiKTeX\2.9\tex\latex\l3kernel\l3pdfmode.def
File: l3pdfmode.def 2015/03/01 v5544 L3 Experimental driver: PDF mode
\l__driver_color_stack_int=\count178
))
(C:\Users\Saurabh\AppData\Roaming\MiKTeX\2.9\tex\latex\l3packages\xparse\xparse
.sty
Package: xparse 2014/11/25 v5471 L3 Experimental document command parser
\l__xparse_current_arg_int=\count179
\l__xparse_m_args_int=\count180
\l__xparse_mandatory_args_int=\count181
\l__xparse_processor_int=\count182
\l__xparse_v_nesting_int=\count183
)
Package: siunitx 2015/01/21 v2.6e A comprehensive (SI) units package

(C:\Users\Saurabh\AppData\Roaming\MiKTeX\2.9\tex\latex\l3packages\l3keys2e\l3ke
ys2e.sty
Package: l3keys2e 2014/11/25 v5471 LaTeX2e option processing using LaTeX3 keys
)
Variant \tl_if_blank:VTF already defined; not changing it on line 50
\l__siunitx_tmp_box=\box68
\l__siunitx_tmp_dim=\dimen281
\l__siunitx_tmp_int=\count184
Variant \prop_get:NVNT already defined; not changing it on line 380
Variant \prop_get:NVNF already defined; not changing it on line 381
Variant \prop_get:NVNTF already defined; not changing it on line 382
\l__siunitx_number_mantissa_length_int=\count185
\l__siunitx_number_uncert_length_int=\count186
\l__siunitx_round_int=\count187
\l__siunitx_process_decimal_int=\count188
\l__siunitx_process_uncertainty_int=\count189
\l__siunitx_process_fixed_int=\count190
\l__siunitx_process_integer_min_int=\count191
\l__siunitx_process_precision_int=\count192
\l__siunitx_group_min_int=\count193
\l__siunitx_angle_marker_box=\box69
\l__siunitx_angle_unit_box=\box70
\l__siunitx_angle_marker_dim=\dimen282
\l__siunitx_angle_unit_dim=\dimen283
\l__siunitx_unit_int=\count194
\l__siunitx_unit_denominator_int=\count195
\l__siunitx_unit_numerator_int=\count196
\l__siunitx_unit_prefix_int=\count197
\l__siunitx_unit_prefix_base_int=\count198
\l__siunitx_unit_prefix_gram_int=\count199
\l__siunitx_number_product_int=\count200
\c__siunitx_one_fill_skip=\skip65
\l__siunitx_table_unit_align_skip=\skip66
\l__siunitx_table_exponent_dim=\dimen284
\l__siunitx_table_integer_dim=\dimen285
\l__siunitx_table_mantissa_dim=\dimen286
\l__siunitx_table_marker_dim=\dimen287
\l__siunitx_table_result_dim=\dimen288
\l__siunitx_table_uncert_dim=\dimen289
\l__siunitx_table_fill_pre_dim=\dimen290
\l__siunitx_table_fill_post_dim=\dimen291
\l__siunitx_table_fill_mid_dim=\dimen292
\l__siunitx_table_pre_box=\box71
\l__siunitx_table_post_box=\box72
\l__siunitx_table_mantissa_box=\box73
\l__siunitx_table_result_box=\box74
\l__siunitx_table_number_align_skip=\skip67
\l__siunitx_table_text_align_skip=\skip68
.................................................
. LaTeX info: "xparse/define-command"
. 
. Defining command \DeclareBinaryPrefix with sig. 'mmm' on line 7176.
.................................................
.................................................
. LaTeX info: "xparse/define-command"
. 
. Defining command \DeclareSIPostPower with sig. 'mm' on line 7179.
.................................................
.................................................
. LaTeX info: "xparse/define-command"
. 
. Defining command \DeclareSIPrefix with sig. 'mmm' on line 7182.
.................................................
.................................................
. LaTeX info: "xparse/define-command"
. 
. Defining command \DeclareSIPrePower with sig. 'mm' on line 7185.
.................................................
.................................................
. LaTeX info: "xparse/define-command"
. 
. Defining command \DeclareSIQualifier with sig. 'mm' on line 7188.
.................................................
.................................................
. LaTeX info: "xparse/define-command"
. 
. Defining command \DeclareSIUnit with sig. 'O{}mm' on line 7191.
.................................................
.................................................
. LaTeX info: "xparse/define-command"
. 
. Defining command \DeclareSIUnitWithOptions with sig. 'mmm' on line 7194.
.................................................
.................................................
. LaTeX info: "xparse/define-command"
. 
. Defining command \ang with sig. 'o>{\SplitArgument {2}{;}}m' on line 7209.
.................................................
.................................................
. LaTeX info: "xparse/define-command"
. 
. Defining command \num with sig. 'om' on line 7217.
.................................................
.................................................
. LaTeX info: "xparse/define-command"
. 
. Defining command \numlist with sig. 'o>{\SplitList {;}}m' on line 7225.
.................................................
.................................................
. LaTeX info: "xparse/define-command"
. 
. Defining command \numrange with sig. 'omm' on line 7233.
.................................................
.................................................
. LaTeX info: "xparse/define-command"
. 
. Defining command \SIlist with sig. 'o>{\SplitList {;}}mm' on line 7244.
.................................................
.................................................
. LaTeX info: "xparse/define-command"
. 
. Defining command \SIrange with sig. 'ommm' on line 7255.
.................................................
.................................................
. LaTeX info: "xparse/define-command"
. 
. Defining command \SI with sig. 'omom' on line 7266.
.................................................
.................................................
. LaTeX info: "xparse/define-command"
. 
. Defining command \sisetup with sig. 'm' on line 7269.
.................................................
.................................................
. LaTeX info: "xparse/define-command"
. 
. Defining command \tablenum with sig. 'om' on line 7281.
.................................................
.................................................
. LaTeX info: "xparse/define-command"
. 
. Defining command \si with sig. 'om' on line 7292.
.................................................
.................................................
. LaTeX info: "xparse/define-command"
. 
. Defining command \__siunitx_bookmark_num:w with sig. 'om' on line 7339.
.................................................
.................................................
. LaTeX info: "xparse/define-command"
. 
. Defining command \__siunitx_bookmark_numrange:w with sig. 'omm' on line
. 7341.
.................................................
.................................................
. LaTeX info: "xparse/define-command"
. 
. Defining command \__siunitx_bookmark_SI:w with sig. 'omom' on line 7343.
.................................................
.................................................
. LaTeX info: "xparse/define-command"
. 
. Defining command \__siunitx_bookmark_SIlist:w with sig. 'omm' on line 7345.
.................................................
.................................................
. LaTeX info: "xparse/define-command"
. 
. Defining command \__siunitx_bookmark_SIrange:w with sig. 'ommm' on line
. 7347.
.................................................
.................................................
. LaTeX info: "xparse/define-command"
. 
. Defining command \__siunitx_bookmark_si:w with sig. 'om' on line 7348.
.................................................
\g__file_internal_ior=\read2
) ("C:\Program Files\MiKTeX 2.9\tex\latex\tools\dcolumn.sty"
Package: dcolumn 2001/05/28 v1.06 decimal alignment package (DPC)
)
(C:\Users\Saurabh\AppData\Roaming\MiKTeX\2.9\tex\latex\tabto\tabto.sty
Package: tabto 2013/03/25  v 1.3  Another tabbing mechanism
\CurrentLineWidth=\dimen293
)
(C:\Users\Saurabh\AppData\Roaming\MiKTeX\2.9\tex\latex\bigfoot\perpage.sty
Package: perpage 2014/10/25 2.0 Reset/sort counters per page
\c@abspage=\count201
)
Normal \count register pool exhausted, switching to extended pool.
\c@pp@a@footnote=\count277

(C:\Users\Saurabh\AppData\Roaming\MiKTeX\2.9\tex\latex\lipsum\lipsum.sty
Package: lipsum 2014/07/27 v1.3 150 paragraphs of Lorem Ipsum dummy text
\c@lips@count=\count278
)
(C:\Users\Saurabh\AppData\Roaming\MiKTeX\2.9\tex\latex\listings\listings.sty
\lst@mode=\count279
\lst@gtempboxa=\box75
\lst@token=\toks45
\lst@length=\count280
\lst@currlwidth=\dimen294
\lst@column=\count281
\lst@pos=\count282
\lst@lostspace=\dimen295
\lst@width=\dimen296
\lst@newlines=\count283
\lst@lineno=\count284
\lst@maxwidth=\dimen297

(C:\Users\Saurabh\AppData\Roaming\MiKTeX\2.9\tex\latex\listings\lstmisc.sty
File: lstmisc.sty 2015/06/04 1.6 (Carsten Heinz)
\c@lstnumber=\count285
\lst@skipnumbers=\count286
\lst@framebox=\box76
)
(C:\Users\Saurabh\AppData\Roaming\MiKTeX\2.9\tex\latex\listings\listings.cfg
File: listings.cfg 2015/06/04 1.6 listings configuration
))
Package: listings 2015/06/04 1.6 (Carsten Heinz)
)
\@input{Title.aux}

("D:\Academic(123076007)\CoursesAndMTP\MTP\MTP Report\Stage-II\phase_2_presenta
tion\Title.tex"
("D:\Academic(123076007)\CoursesAndMTP\MTP\MTP Report\Stage-II\phase_2_presenta
tion\Saurabh_mtp_presentation.aux"
("D:\Academic(123076007)\CoursesAndMTP\MTP\MTP Report\Stage-II\phase_2_presenta
tion\Acknowledgement.aux")
("D:\Academic(123076007)\CoursesAndMTP\MTP\MTP Report\Stage-II\phase_2_presenta
tion\Objective.aux")
("D:\Academic(123076007)\CoursesAndMTP\MTP\MTP Report\Stage-II\phase_2_presenta
tion\Outline.aux")
("D:\Academic(123076007)\CoursesAndMTP\MTP\MTP Report\Stage-II\phase_2_presenta
tion\Introduction.aux")
("D:\Academic(123076007)\CoursesAndMTP\MTP\MTP Report\Stage-II\phase_2_presenta
tion\NoCPartitioning.aux")
("D:\Academic(123076007)\CoursesAndMTP\MTP\MTP Report\Stage-II\phase_2_presenta
tion\Aurora.aux")
("D:\Academic(123076007)\CoursesAndMTP\MTP\MTP Report\Stage-II\phase_2_presenta
tion\Quasi.aux")
("D:\Academic(123076007)\CoursesAndMTP\MTP\MTP Report\Stage-II\phase_2_presenta
tion\ldpc_7x7_noc.aux")
("D:\Academic(123076007)\CoursesAndMTP\MTP\MTP Report\Stage-II\phase_2_presenta
tion\RaspberryPi.aux")
("D:\Academic(123076007)\CoursesAndMTP\MTP\MTP Report\Stage-II\phase_2_presenta
tion\conclusion.aux"))
LaTeX Font Info:    Checking defaults for OML/cmm/m/it on input line 1.
LaTeX Font Info:    ... okay on input line 1.
LaTeX Font Info:    Checking defaults for T1/cmr/m/n on input line 1.
LaTeX Font Info:    ... okay on input line 1.
LaTeX Font Info:    Checking defaults for OT1/cmr/m/n on input line 1.
LaTeX Font Info:    ... okay on input line 1.
LaTeX Font Info:    Checking defaults for OMS/cmsy/m/n on input line 1.
LaTeX Font Info:    ... okay on input line 1.
LaTeX Font Info:    Checking defaults for OMX/cmex/m/n on input line 1.
LaTeX Font Info:    ... okay on input line 1.
LaTeX Font Info:    Checking defaults for U/cmr/m/n on input line 1.
LaTeX Font Info:    ... okay on input line 1.
LaTeX Font Info:    Checking defaults for PD1/pdf/m/n on input line 1.
LaTeX Font Info:    ... okay on input line 1.

*geometry* driver: auto-detecting
*geometry* detected driver: pdftex
*geometry* verbose mode - [ preamble ] result:
* driver: pdftex
* paper: custom
* layout: <same size as paper>
* layoutoffset:(h,v)=(0.0pt,0.0pt)
* modes: includehead includefoot 
* h-part:(L,W,R)=(28.45274pt, 307.28987pt, 28.45274pt)
* v-part:(T,H,B)=(0.0pt, 273.14662pt, 0.0pt)
* \paperwidth=364.19536pt
* \paperheight=273.14662pt
* \textwidth=307.28987pt
* \textheight=244.6939pt
* \oddsidemargin=-43.81725pt
* \evensidemargin=-43.81725pt
* \topmargin=-72.26999pt
* \headheight=14.22636pt
* \headsep=0.0pt
* \topskip=11.0pt
* \footskip=14.22636pt
* \marginparwidth=4.0pt
* \marginparsep=10.0pt
* \columnsep=10.0pt
* \skip\footins=10.0pt plus 4.0pt minus 2.0pt
* \hoffset=0.0pt
* \voffset=0.0pt
* \mag=1000
* \@twocolumnfalse
* \@twosidefalse
* \@mparswitchfalse
* \@reversemarginfalse
* (1in=72.27pt=25.4mm, 1cm=28.453pt)

(C:\Users\Saurabh\AppData\Roaming\MiKTeX\2.9\tex\context\base\supp-pdf.mkii
[Loading MPS to PDF converter (version 2006.09.02).]
\scratchcounter=\count287
\scratchdimen=\dimen298
\scratchbox=\box77
\nofMPsegments=\count288
\nofMParguments=\count289
\everyMPshowfont=\toks46
\MPscratchCnt=\count290
\MPscratchDim=\dimen299
\MPnumerator=\count291
\makeMPintoPDFobject=\count292
\everyMPtoPDFconversion=\toks47
) ABD: EveryShipout initializing macros
\AtBeginShipoutBox=\box78
Package hyperref Info: Link coloring OFF on input line 1.

("C:\Program Files\MiKTeX 2.9\tex\latex\hyperref\nameref.sty"
Package: nameref 2012/10/27 v2.43 Cross-referencing by name of section

("C:\Program Files\MiKTeX 2.9\tex\generic\oberdiek\gettitlestring.sty"
Package: gettitlestring 2010/12/03 v1.4 Cleanup title references (HO)
)
\c@section@level=\count293
LaTeX Info: Redefining \Ref on input line 513.
)
LaTeX Info: Redefining \ref on input line 1.
LaTeX Info: Redefining \pageref on input line 1.
LaTeX Info: Redefining \nameref on input line 1.

("D:\Academic(123076007)\CoursesAndMTP\MTP\MTP Report\Stage-II\phase_2_presenta
tion\Saurabh_mtp_presentation.out")
("D:\Academic(123076007)\CoursesAndMTP\MTP\MTP Report\Stage-II\phase_2_presenta
tion\Saurabh_mtp_presentation.out")
\@outlinefile=\write5
LaTeX Font Info:    Overwriting symbol font `operators' in version `normal'
(Font)                  OT1/cmr/m/n --> OT1/cmss/m/n on input line 1.
LaTeX Font Info:    Overwriting symbol font `operators' in version `bold'
(Font)                  OT1/cmr/bx/n --> OT1/cmss/bx/n on input line 1.
\symnumbers=\mathgroup6
\sympureletters=\mathgroup7
LaTeX Font Info:    Overwriting math alphabet `\mathrm' in version `normal'
(Font)                  OT1/cmss/m/n --> OT1/cmr/m/n on input line 1.
LaTeX Font Info:    Redeclaring math alphabet \mathbf on input line 1.
LaTeX Font Info:    Overwriting math alphabet `\mathbf' in version `normal'
(Font)                  OT1/cmr/bx/n --> OT1/cmss/bx/n on input line 1.
LaTeX Font Info:    Overwriting math alphabet `\mathbf' in version `bold'
(Font)                  OT1/cmr/bx/n --> OT1/cmss/bx/n on input line 1.
LaTeX Font Info:    Redeclaring math alphabet \mathsf on input line 1.
LaTeX Font Info:    Overwriting math alphabet `\mathsf' in version `normal'
(Font)                  OT1/cmss/m/n --> OT1/cmss/m/n on input line 1.
LaTeX Font Info:    Overwriting math alphabet `\mathsf' in version `bold'
(Font)                  OT1/cmss/bx/n --> OT1/cmss/m/n on input line 1.
LaTeX Font Info:    Redeclaring math alphabet \mathit on input line 1.
LaTeX Font Info:    Overwriting math alphabet `\mathit' in version `normal'
(Font)                  OT1/cmr/m/it --> OT1/cmss/m/it on input line 1.
LaTeX Font Info:    Overwriting math alphabet `\mathit' in version `bold'
(Font)                  OT1/cmr/bx/it --> OT1/cmss/m/it on input line 1.
LaTeX Font Info:    Redeclaring math alphabet \mathtt on input line 1.
LaTeX Font Info:    Overwriting math alphabet `\mathtt' in version `normal'
(Font)                  OT1/cmtt/m/n --> OT1/cmtt/m/n on input line 1.
LaTeX Font Info:    Overwriting math alphabet `\mathtt' in version `bold'
(Font)                  OT1/cmtt/m/n --> OT1/cmtt/m/n on input line 1.
LaTeX Font Info:    Overwriting symbol font `numbers' in version `bold'
(Font)                  OT1/cmss/m/n --> OT1/cmss/bx/n on input line 1.
LaTeX Font Info:    Overwriting symbol font `pureletters' in version `bold'
(Font)                  OT1/cmss/m/it --> OT1/cmss/bx/it on input line 1.
LaTeX Font Info:    Overwriting math alphabet `\mathrm' in version `bold'
(Font)                  OT1/cmss/bx/n --> OT1/cmr/bx/n on input line 1.
LaTeX Font Info:    Overwriting math alphabet `\mathbf' in version `bold'
(Font)                  OT1/cmss/bx/n --> OT1/cmss/bx/n on input line 1.
LaTeX Font Info:    Overwriting math alphabet `\mathsf' in version `bold'
(Font)                  OT1/cmss/m/n --> OT1/cmss/bx/n on input line 1.
LaTeX Font Info:    Overwriting math alphabet `\mathit' in version `bold'
(Font)                  OT1/cmss/m/it --> OT1/cmss/bx/it on input line 1.
LaTeX Font Info:    Overwriting math alphabet `\mathtt' in version `bold'
(Font)                  OT1/cmtt/m/n --> OT1/cmtt/bx/n on input line 1.
LaTeX Font Info:    Redeclaring symbol font `pureletters' on input line 1.
LaTeX Font Info:    Overwriting symbol font `pureletters' in version `normal'
(Font)                  OT1/cmss/m/it --> OT1/mathkerncmss/m/sl on input line 1
.
LaTeX Font Info:    Overwriting symbol font `pureletters' in version `bold'
(Font)                  OT1/cmss/bx/it --> OT1/mathkerncmss/m/sl on input line 
1.
LaTeX Font Info:    Overwriting symbol font `pureletters' in version `bold'
(Font)                  OT1/mathkerncmss/m/sl --> OT1/mathkerncmss/bx/sl on inp
ut line 1.

(C:\Users\Saurabh\AppData\Roaming\MiKTeX\2.9\tex\latex\beamer\base\translator\d
icts\translator-basic-dictionary\translator-basic-dictionary-English.dict
Dictionary: translator-basic-dictionary, Language: English 
)
(C:\Users\Saurabh\AppData\Roaming\MiKTeX\2.9\tex\latex\beamer\base\translator\d
icts\translator-bibliography-dictionary\translator-bibliography-dictionary-Engl
ish.dict
Dictionary: translator-bibliography-dictionary, Language: English 
)
(C:\Users\Saurabh\AppData\Roaming\MiKTeX\2.9\tex\latex\beamer\base\translator\d
icts\translator-environment-dictionary\translator-environment-dictionary-Englis
h.dict
Dictionary: translator-environment-dictionary, Language: English 
)
(C:\Users\Saurabh\AppData\Roaming\MiKTeX\2.9\tex\latex\beamer\base\translator\d
icts\translator-months-dictionary\translator-months-dictionary-English.dict
Dictionary: translator-months-dictionary, Language: English 
)
(C:\Users\Saurabh\AppData\Roaming\MiKTeX\2.9\tex\latex\beamer\base\translator\d
icts\translator-numbers-dictionary\translator-numbers-dictionary-English.dict
Dictionary: translator-numbers-dictionary, Language: English 
)
(C:\Users\Saurabh\AppData\Roaming\MiKTeX\2.9\tex\latex\beamer\base\translator\d
icts\translator-theorem-dictionary\translator-theorem-dictionary-English.dict
Dictionary: translator-theorem-dictionary, Language: English 
)
LaTeX Info: Redefining \includegraphics on input line 1.

(C:\Users\Saurabh\AppData\Roaming\MiKTeX\2.9\tex\latex\siunitx\siunitx-abbrevia
tions.cfg
File: siunitx-abbreviations.cfg 2015/01/21 v2.6e siunitx: Abbreviated units
)
\c@lstlisting=\count294

("D:\Academic(123076007)\CoursesAndMTP\MTP\MTP Report\Stage-II\phase_2_presenta
tion\Saurabh_mtp_presentation.nav")
Overfull \hbox (38.52676pt too wide) in paragraph at lines 1--1
 [][][][]  
 []


Overfull \hbox (1.67418pt too wide) detected at line 1
  []\OT1/cmss/bx/n/6 PG-LDPC Implementation on un-partitioned/partitioned NoC[]
 
 []

\c__siunitx_mathsf_int=\count295
LaTeX Font Info:    Try loading font information for U+msa on input line 1.
("C:\Program Files\MiKTeX 2.9\tex\latex\amsfonts\umsa.fd"
File: umsa.fd 2013/01/14 v3.01 AMS symbols A
)
LaTeX Font Info:    Try loading font information for U+msb on input line 1.

("C:\Program Files\MiKTeX 2.9\tex\latex\amsfonts\umsb.fd"
File: umsb.fd 2013/01/14 v3.01 AMS symbols B
)
LaTeX Font Info:    Try loading font information for OT1+mathkerncmss on input 
line 1.

(C:\Users\Saurabh\AppData\Roaming\MiKTeX\2.9\tex\latex\sansmathaccent\ot1mathke
rncmss.fd
File: ot1mathkerncmss.fd 2013/03/27 Fontinst v1.933 font definitions for OT1/ma
thkerncmss.
)
\c__siunitx_mathtt_int=\count296


LaTeX Font Warning: Font shape `OT1/cmss/bx/n' in size <4> not available
(Font)              size <5> substituted on input line 5.


LaTeX Font Warning: Font shape `OT1/cmss/m/n' in size <4> not available
(Font)              size <5> substituted on input line 5.


Overfull \hbox (1.67418pt too wide) has occurred while \output is active
  []\OT1/cmss/bx/n/6 PG-LDPC Implementation on un-partitioned/partitioned NoC[]
 
 []


Overfull \hbox (38.52676pt too wide) has occurred while \output is active
 [][][][]  
 []

[1{C:/Users/Saurabh/AppData/Local/MiKTeX/2.9/pdftex/config/pdftex.map}




])
("D:\Academic(123076007)\CoursesAndMTP\MTP\MTP Report\Stage-II\phase_2_presenta
tion\Acknowledgement.tex"
Overfull \vbox (0.20404pt too high) detected at line 12
 []


Overfull \hbox (1.67418pt too wide) has occurred while \output is active
  []\OT1/cmss/bx/n/6 PG-LDPC Implementation on un-partitioned/partitioned NoC[]
 
 []


Overfull \hbox (38.52676pt too wide) has occurred while \output is active
 [][][][]  
 []

[2



])
("D:\Academic(123076007)\CoursesAndMTP\MTP\MTP Report\Stage-II\phase_2_presenta
tion\Objective.tex"
Overfull \hbox (1.67418pt too wide) has occurred while \output is active
  []\OT1/cmss/bx/n/6 PG-LDPC Implementation on un-partitioned/partitioned NoC[]
 
 []


Overfull \hbox (38.52676pt too wide) has occurred while \output is active
 [][][][]  
 []

[3



])
("D:\Academic(123076007)\CoursesAndMTP\MTP\MTP Report\Stage-II\phase_2_presenta
tion\Outline.tex"
("D:\Academic(123076007)\CoursesAndMTP\MTP\MTP Report\Stage-II\phase_2_presenta
tion\Saurabh_mtp_presentation.toc")
Overfull \vbox (12.40996pt too high) detected at line 5
 []


Overfull \hbox (1.67418pt too wide) has occurred while \output is active
  []\OT1/cmss/bx/n/6 PG-LDPC Implementation on un-partitioned/partitioned NoC[]
 
 []


Overfull \hbox (38.52676pt too wide) has occurred while \output is active
 [][][][]  
 []

[4



])
("D:\Academic(123076007)\CoursesAndMTP\MTP\MTP Report\Stage-II\phase_2_presenta
tion\Introduction.tex"
Overfull \hbox (1.67418pt too wide) has occurred while \output is active
  []\OT1/cmss/bx/n/6 PG-LDPC Implementation on un-partitioned/partitioned NoC[]
 
 []


Overfull \hbox (38.52676pt too wide) has occurred while \output is active
 [][][][]  
 []

[5



]
Overfull \hbox (1.67418pt too wide) has occurred while \output is active
  []\OT1/cmss/bx/n/6 PG-LDPC Implementation on un-partitioned/partitioned NoC[]
 
 []


Overfull \hbox (38.52676pt too wide) has occurred while \output is active
 [][][][]  
 []

[6

]
Overfull \hbox (1.67418pt too wide) has occurred while \output is active
  []\OT1/cmss/bx/n/6 PG-LDPC Implementation on un-partitioned/partitioned NoC[]
 
 []


Overfull \hbox (38.52676pt too wide) has occurred while \output is active
 [][][][]  
 []

[7

]
Overfull \hbox (1.67418pt too wide) has occurred while \output is active
  []\OT1/cmss/bx/n/6 PG-LDPC Implementation on un-partitioned/partitioned NoC[]
 
 []


Overfull \hbox (38.52676pt too wide) has occurred while \output is active
 [][][][]  
 []

[8

]

LaTeX Font Warning: Font shape `OT1/cmss/bx/it' undefined
(Font)              using `OT1/cmss/bx/n' instead on input line 109.


Overfull \hbox (1.67418pt too wide) has occurred while \output is active
  []\OT1/cmss/bx/n/6 PG-LDPC Implementation on un-partitioned/partitioned NoC[]
 
 []


Overfull \hbox (38.52676pt too wide) has occurred while \output is active
 [][][][]  
 []

[9

]
Overfull \vbox (5.46548pt too high) detected at line 129
 []


Overfull \hbox (1.67418pt too wide) has occurred while \output is active
  []\OT1/cmss/bx/n/6 PG-LDPC Implementation on un-partitioned/partitioned NoC[]
 
 []


Overfull \hbox (38.52676pt too wide) has occurred while \output is active
 [][][][]  
 []

[10

]
Overfull \hbox (1.67418pt too wide) has occurred while \output is active
  []\OT1/cmss/bx/n/6 PG-LDPC Implementation on un-partitioned/partitioned NoC[]
 
 []


Overfull \hbox (38.52676pt too wide) has occurred while \output is active
 [][][][]  
 []

[11

]
Overfull \hbox (1.67418pt too wide) has occurred while \output is active
  []\OT1/cmss/bx/n/6 PG-LDPC Implementation on un-partitioned/partitioned NoC[]
 
 []


Overfull \hbox (38.52676pt too wide) has occurred while \output is active
 [][][][]  
 []

[12

] <./diagram/noc_intro_dia.png, id=617, 545.03625pt x 518.6878pt>
File: ./diagram/noc_intro_dia.png Graphic file (type png)

<use ./diagram/noc_intro_dia.png>
Package pdftex.def Info: ./diagram/noc_intro_dia.png used on input line 190.
(pdftex.def)             Requested size: 163.51213pt x 155.60754pt.

Overfull \hbox (18.97214pt too wide) in paragraph at lines 190--190
[][]  
 []


Overfull \hbox (1.67418pt too wide) has occurred while \output is active
  []\OT1/cmss/bx/n/6 PG-LDPC Implementation on un-partitioned/partitioned NoC[]
 
 []


Overfull \hbox (38.52676pt too wide) has occurred while \output is active
 [][][][]  
 []

[13

 <D:/Academic(123076007)/CoursesAndMTP/MTP/MTP Report/Stage-II/phase_2_presenta
tion/diagram/noc_intro_dia.png>]
<./diagram/connect_noc_web.png, id=659, 799.48688pt x 594.72188pt>
File: ./diagram/connect_noc_web.png Graphic file (type png)

<use ./diagram/connect_noc_web.png>
Package pdftex.def Info: ./diagram/connect_noc_web.png used on input line 220.
(pdftex.def)             Requested size: 159.89453pt x 118.94226pt.

Overfull \hbox (69.42464pt too wide) detected at line 220
[][][] $[]$[][][][][][][][] $[]$[][][][][][] 
 []


Overfull \vbox (1.8082pt too high) detected at line 220
 []


Overfull \hbox (1.67418pt too wide) has occurred while \output is active
  []\OT1/cmss/bx/n/6 PG-LDPC Implementation on un-partitioned/partitioned NoC[]
 
 []


Overfull \hbox (38.52676pt too wide) has occurred while \output is active
 [][][][]  
 []

[14

 <D:/Academic(123076007)/CoursesAndMTP/MTP/MTP Report/Stage-II/phase_2_presenta
tion/diagram/connect_noc_web.png>]
<./diagram/flit_structure.png, id=700, 543.53062pt x 111.41624pt>
File: ./diagram/flit_structure.png Graphic file (type png)

<use ./diagram/flit_structure.png>
Package pdftex.def Info: ./diagram/flit_structure.png used on input line 256.
(pdftex.def)             Requested size: 217.40839pt x 44.5657pt.

Overfull \hbox (1.67418pt too wide) has occurred while \output is active
  []\OT1/cmss/bx/n/6 PG-LDPC Implementation on un-partitioned/partitioned NoC[]
 
 []


Overfull \hbox (38.52676pt too wide) has occurred while \output is active
 [][][][]  
 []

[15

 <D:/Academic(123076007)/CoursesAndMTP/MTP/MTP Report/Stage-II/phase_2_presenta
tion/diagram/flit_structure.png>])
("D:\Academic(123076007)\CoursesAndMTP\MTP\MTP Report\Stage-II\phase_2_presenta
tion\NoCPartitioning.tex"
Overfull \hbox (1.67418pt too wide) has occurred while \output is active
  []\OT1/cmss/bx/n/6 PG-LDPC Implementation on un-partitioned/partitioned NoC[]
 
 []


Overfull \hbox (38.52676pt too wide) has occurred while \output is active
 [][][][]  
 []

[16



]
Overfull \hbox (1.67418pt too wide) has occurred while \output is active
  []\OT1/cmss/bx/n/6 PG-LDPC Implementation on un-partitioned/partitioned NoC[]
 
 []


Overfull \hbox (38.52676pt too wide) has occurred while \output is active
 [][][][]  
 []

[17

]
(C:\Users\Saurabh\AppData\Roaming\MiKTeX\2.9\tex\latex\listings\lstlang1.sty
File: lstlang1.sty 2015/06/04 1.6 listings language file
)
("D:\Academic(123076007)\CoursesAndMTP\MTP\MTP Report\Stage-II\phase_2_presenta
tion\param.py"
LaTeX Font Info:    Try loading font information for OML+cmss on input line 13.

LaTeX Font Info:    No file OMLcmss.fd. on input line 13.


LaTeX Font Warning: Font shape `OML/cmss/m/n' undefined
(Font)              using `OML/cmm/m/it' instead
(Font)              for symbol `textless' on input line 13.

)
Overfull \hbox (1.67418pt too wide) has occurred while \output is active
  []\OT1/cmss/bx/n/6 PG-LDPC Implementation on un-partitioned/partitioned NoC[]
 
 []


Overfull \hbox (38.52676pt too wide) has occurred while \output is active
 [][][][]  
 []

[18

])
("D:\Academic(123076007)\CoursesAndMTP\MTP\MTP Report\Stage-II\phase_2_presenta
tion\Aurora.tex" <./figs/auroraTop.png, id=854, 920.68968pt x 579.66562pt>
File: ./figs/auroraTop.png Graphic file (type png)

<use ./figs/auroraTop.png>
Package pdftex.def Info: ./figs/auroraTop.png used on input line 9.
(pdftex.def)             Requested size: 184.13467pt x 115.93106pt.

Overfull \hbox (1.67418pt too wide) has occurred while \output is active
  []\OT1/cmss/bx/n/6 PG-LDPC Implementation on un-partitioned/partitioned NoC[]
 
 []


Overfull \hbox (38.52676pt too wide) has occurred while \output is active
 [][][][]  
 []

[19



 <D:/Academic(123076007)/CoursesAndMTP/MTP/MTP Report/Stage-II/phase_2_presenta
tion/figs/auroraTop.png>]
<./figs/PartitioningArchitecture.png, id=896, 1053.1847pt x 621.07031pt>
File: ./figs/PartitioningArchitecture.png Graphic file (type png)

<use ./figs/PartitioningArchitecture.png>
Package pdftex.def Info: ./figs/PartitioningArchitecture.png used on input line
 17.
(pdftex.def)             Requested size: 210.63321pt x 124.21185pt.

Overfull \hbox (1.67418pt too wide) has occurred while \output is active
  []\OT1/cmss/bx/n/6 PG-LDPC Implementation on un-partitioned/partitioned NoC[]
 
 []


Overfull \hbox (38.52676pt too wide) has occurred while \output is active
 [][][][]  
 []

[20

 <D:/Academic(123076007)/CoursesAndMTP/MTP/MTP Report/Stage-II/phase_2_presenta
tion/figs/PartitioningArchitecture.png>]
Overfull \hbox (1.67418pt too wide) has occurred while \output is active
  []\OT1/cmss/bx/n/6 PG-LDPC Implementation on un-partitioned/partitioned NoC[]
 
 []


Overfull \hbox (38.52676pt too wide) has occurred while \output is active
 [][][][]  
 []

[21

] <./figs/AuroraSimulation.png, id=974, 382.42876pt x 210.7875pt>
File: ./figs/AuroraSimulation.png Graphic file (type png)

<use ./figs/AuroraSimulation.png>
Package pdftex.def Info: ./figs/AuroraSimulation.png used on input line 39.
(pdftex.def)             Requested size: 267.69829pt x 147.55025pt.

Overfull \hbox (1.67418pt too wide) has occurred while \output is active
  []\OT1/cmss/bx/n/6 PG-LDPC Implementation on un-partitioned/partitioned NoC[]
 
 []


Overfull \hbox (38.52676pt too wide) has occurred while \output is active
 [][][][]  
 []

[22

 <D:/Academic(123076007)/CoursesAndMTP/MTP/MTP Report/Stage-II/phase_2_presenta
tion/figs/AuroraSimulation.png>]
Overfull \hbox (1.67418pt too wide) has occurred while \output is active
  []\OT1/cmss/bx/n/6 PG-LDPC Implementation on un-partitioned/partitioned NoC[]
 
 []


Overfull \hbox (38.52676pt too wide) has occurred while \output is active
 [][][][]  
 []

[23

])
("D:\Academic(123076007)\CoursesAndMTP\MTP\MTP Report\Stage-II\phase_2_presenta
tion\Quasi.tex" <./figs/physicalModule.png, id=1049, 813.79031pt x 337.26pt>
File: ./figs/physicalModule.png Graphic file (type png)

<use ./figs/physicalModule.png>
Package pdftex.def Info: ./figs/physicalModule.png used on input line 9.
(pdftex.def)             Requested size: 284.83087pt x 118.04276pt.

Overfull \hbox (1.67418pt too wide) has occurred while \output is active
  []\OT1/cmss/bx/n/6 PG-LDPC Implementation on un-partitioned/partitioned NoC[]
 
 []


Overfull \hbox (38.52676pt too wide) has occurred while \output is active
 [][][][]  
 []

[24



 <D:/Academic(123076007)/CoursesAndMTP/MTP/MTP Report/Stage-II/phase_2_presenta
tion/figs/physicalModule.png>]
Overfull \hbox (1.67418pt too wide) has occurred while \output is active
  []\OT1/cmss/bx/n/6 PG-LDPC Implementation on un-partitioned/partitioned NoC[]
 
 []


Overfull \hbox (38.52676pt too wide) has occurred while \output is active
 [][][][]  
 []

[25

]
Overfull \vbox (0.20404pt too high) detected at line 44
 []


Overfull \hbox (1.67418pt too wide) has occurred while \output is active
  []\OT1/cmss/bx/n/6 PG-LDPC Implementation on un-partitioned/partitioned NoC[]
 
 []


Overfull \hbox (38.52676pt too wide) has occurred while \output is active
 [][][][]  
 []

[26

])
("D:\Academic(123076007)\CoursesAndMTP\MTP\MTP Report\Stage-II\phase_2_presenta
tion\ldpc_7x7_noc.tex"
<./diagram/tanner_graph.png, id=1155, 778.40813pt x 333.49594pt>
File: ./diagram/tanner_graph.png Graphic file (type png)

<use ./diagram/tanner_graph.png>
Package pdftex.def Info: ./diagram/tanner_graph.png used on input line 23.
(pdftex.def)             Requested size: 155.67886pt x 66.698pt.

Overfull \hbox (1.67418pt too wide) has occurred while \output is active
  \OT1/cmss/bx/n/6 PG-LDPC Implementation on un-partitioned/partitioned NoC 
 []


Overfull \hbox (38.52676pt too wide) has occurred while \output is active
 [][][][]  
 []

[27



 <D:/Academic(123076007)/CoursesAndMTP/MTP/MTP Report/Stage-II/phase_2_presenta
tion/diagram/tanner_graph.png>]
Overfull \hbox (1.67418pt too wide) has occurred while \output is active
  \OT1/cmss/bx/n/6 PG-LDPC Implementation on un-partitioned/partitioned NoC 
 []


Overfull \hbox (38.52676pt too wide) has occurred while \output is active
 [][][][]  
 []

[28

]
Overfull \hbox (1.67418pt too wide) has occurred while \output is active
  \OT1/cmss/bx/n/6 PG-LDPC Implementation on un-partitioned/partitioned NoC 
 []


Overfull \hbox (38.52676pt too wide) has occurred while \output is active
 [][][][]  
 []

[29

] <./diagram/ldpc_7x7_noc_mesh_4x4.png, id=1276, 681.54625pt x 846.16125pt>
File: ./diagram/ldpc_7x7_noc_mesh_4x4.png Graphic file (type png)

<use ./diagram/ldpc_7x7_noc_mesh_4x4.png>
Package pdftex.def Info: ./diagram/ldpc_7x7_noc_mesh_4x4.png used on input line
 65.
(pdftex.def)             Requested size: 109.04962pt x 135.38857pt.

<./figs/Partitioned4X4Mesh.png, id=1277, 639.89063pt x 632.3625pt>
File: ./figs/Partitioned4X4Mesh.png Graphic file (type png)

<use ./figs/Partitioned4X4Mesh.png>
Package pdftex.def Info: ./figs/Partitioned4X4Mesh.png used on input line 65.
(pdftex.def)             Requested size: 115.17534pt x 113.82033pt.

Overfull \vbox (5.59254pt too high) detected at line 65
 []


Overfull \hbox (1.67418pt too wide) has occurred while \output is active
  \OT1/cmss/bx/n/6 PG-LDPC Implementation on un-partitioned/partitioned NoC 
 []


Overfull \hbox (38.52676pt too wide) has occurred while \output is active
 [][][][]  
 []

[30

 <D:/Academic(123076007)/CoursesAndMTP/MTP/MTP Report/Stage-II/phase_2_presenta
tion/diagram/ldpc_7x7_noc_mesh_4x4.png> <D:/Academic(123076007)/CoursesAndMTP/M
TP/MTP Report/Stage-II/phase_2_presentation/figs/Partitioned4X4Mesh.png>]
<./diagram/flit_structure_ldpc_7x7.png, id=1317, 1056.94875pt x 747.79375pt>
File: ./diagram/flit_structure_ldpc_7x7.png Graphic file (type png)

<use ./diagram/flit_structure_ldpc_7x7.png>
Package pdftex.def Info: ./diagram/flit_structure_ldpc_7x7.png used on input li
ne 74.
(pdftex.def)             Requested size: 232.52943pt x 164.51512pt.

Overfull \vbox (7.38992pt too high) detected at line 74
 []


Overfull \hbox (1.67418pt too wide) has occurred while \output is active
  \OT1/cmss/bx/n/6 PG-LDPC Implementation on un-partitioned/partitioned NoC 
 []


Overfull \hbox (38.52676pt too wide) has occurred while \output is active
 [][][][]  
 []

[31

 <D:/Academic(123076007)/CoursesAndMTP/MTP/MTP Report/Stage-II/phase_2_presenta
tion/diagram/flit_structure_ldpc_7x7.png>]
Overfull \hbox (1.67418pt too wide) has occurred while \output is active
  \OT1/cmss/bx/n/6 PG-LDPC Implementation on un-partitioned/partitioned NoC 
 []


Overfull \hbox (38.52676pt too wide) has occurred while \output is active
 [][][][]  
 []

[32

]
Overfull \hbox (1.67418pt too wide) has occurred while \output is active
  \OT1/cmss/bx/n/6 PG-LDPC Implementation on un-partitioned/partitioned NoC 
 []


Overfull \hbox (38.52676pt too wide) has occurred while \output is active
 [][][][]  
 []

[33

])
("D:\Academic(123076007)\CoursesAndMTP\MTP\MTP Report\Stage-II\phase_2_presenta
tion\RaspberryPi.tex"
Overfull \hbox (1.67418pt too wide) has occurred while \output is active
  []\OT1/cmss/bx/n/6 PG-LDPC Implementation on un-partitioned/partitioned NoC[]
 
 []


Overfull \hbox (38.52676pt too wide) has occurred while \output is active
 [][][][]  
 []

[34



]
Overfull \hbox (1.67418pt too wide) has occurred while \output is active
  []\OT1/cmss/bx/n/6 PG-LDPC Implementation on un-partitioned/partitioned NoC[]
 
 []


Overfull \hbox (38.52676pt too wide) has occurred while \output is active
 [][][][]  
 []

[35

]
Overfull \hbox (1.67418pt too wide) has occurred while \output is active
  []\OT1/cmss/bx/n/6 PG-LDPC Implementation on un-partitioned/partitioned NoC[]
 
 []


Overfull \hbox (38.52676pt too wide) has occurred while \output is active
 [][][][]  
 []

[36

] <./figs/DeNano_rPi.png, id=1541, 998.22937pt x 511.15968pt>
File: ./figs/DeNano_rPi.png Graphic file (type png)

<use ./figs/DeNano_rPi.png>
Package pdftex.def Info: ./figs/DeNano_rPi.png used on input line 49.
(pdftex.def)             Requested size: 199.64233pt x 102.23012pt.

Overfull \hbox (1.67418pt too wide) has occurred while \output is active
  []\OT1/cmss/bx/n/6 PG-LDPC Implementation on un-partitioned/partitioned NoC[]
 
 []


Overfull \hbox (38.52676pt too wide) has occurred while \output is active
 [][][][]  
 []

[37

 <D:/Academic(123076007)/CoursesAndMTP/MTP/MTP Report/Stage-II/phase_2_presenta
tion/figs/DeNano_rPi.png>])
("D:\Academic(123076007)\CoursesAndMTP\MTP\MTP Report\Stage-II\phase_2_presenta
tion\conclusion.tex"
Overfull \hbox (1.67418pt too wide) has occurred while \output is active
  []\OT1/cmss/bx/n/6 PG-LDPC Implementation on un-partitioned/partitioned NoC[]
 
 []


Overfull \hbox (38.52676pt too wide) has occurred while \output is active
 [][][][]  
 []

[38



]
Overfull \hbox (1.67418pt too wide) has occurred while \output is active
  []\OT1/cmss/bx/n/6 PG-LDPC Implementation on un-partitioned/partitioned NoC[]
 
 []


Overfull \hbox (38.52676pt too wide) has occurred while \output is active
 [][][][]  
 []

[39

] <./figs/BasicPCB.png, id=1653, 174.08037pt x 172.4844pt>
File: ./figs/BasicPCB.png Graphic file (type png)

<use ./figs/BasicPCB.png>
Package pdftex.def Info: ./figs/BasicPCB.png used on input line 42.
(pdftex.def)             Requested size: 87.03996pt x 86.24199pt.

Overfull \hbox (1.67418pt too wide) has occurred while \output is active
  []\OT1/cmss/bx/n/6 PG-LDPC Implementation on un-partitioned/partitioned NoC[]
 
 []


Overfull \hbox (38.52676pt too wide) has occurred while \output is active
 [][][][]  
 []

[40

 <D:/Academic(123076007)/CoursesAndMTP/MTP/MTP Report/Stage-II/phase_2_presenta
tion/figs/BasicPCB.png>]
<./figs/MultiFPGANoC.png, id=1692, 603.75563pt x 563.85657pt>
File: ./figs/MultiFPGANoC.png Graphic file (type png)

<use ./figs/MultiFPGANoC.png>
Package pdftex.def Info: ./figs/MultiFPGANoC.png used on input line 48.
(pdftex.def)             Requested size: 181.12808pt x 169.15826pt.

Overfull \hbox (1.67418pt too wide) has occurred while \output is active
  []\OT1/cmss/bx/n/6 PG-LDPC Implementation on un-partitioned/partitioned NoC[]
 
 []


Overfull \hbox (38.52676pt too wide) has occurred while \output is active
 [][][][]  
 []

[41

 <D:/Academic(123076007)/CoursesAndMTP/MTP/MTP Report/Stage-II/phase_2_presenta
tion/figs/MultiFPGANoC.png>]
Missing character: There is no  in font cmssi10!
Missing character: There is no  in font cmssi10!
Missing character: There is no  in font cmssi10!

Overfull \hbox (1.67418pt too wide) has occurred while \output is active
  []\OT1/cmss/bx/n/6 PG-LDPC Implementation on un-partitioned/partitioned NoC[]
 
 []


Overfull \hbox (38.52676pt too wide) has occurred while \output is active
 [][][][]  
 []

[42

 <C:/Users/Saurabh/AppData/Roaming/MiKTeX/2.9/tex/latex/beamer/base/art/beameri
conarticle.pdf>]
Overfull \hbox (1.67418pt too wide) has occurred while \output is active
  []\OT1/cmss/bx/n/6 PG-LDPC Implementation on un-partitioned/partitioned NoC[]
 
 []


Overfull \hbox (38.52676pt too wide) has occurred while \output is active
 [][][][]  
 []

[43

]
Overfull \hbox (1.67418pt too wide) has occurred while \output is active
  []\OT1/cmss/bx/n/6 PG-LDPC Implementation on un-partitioned/partitioned NoC[]
 
 []


Overfull \hbox (38.52676pt too wide) has occurred while \output is active
 [][][][]  
 []

[44

])
\tf@nav=\write6
\tf@toc=\write7
\tf@snm=\write8
Package atveryend Info: Empty hook `BeforeClearDocument' on input line 14.
Package atveryend Info: Empty hook `AfterLastShipout' on input line 14.

("D:\Academic(123076007)\CoursesAndMTP\MTP\MTP Report\Stage-II\phase_2_presenta
tion\Saurabh_mtp_presentation.aux"
("D:\Academic(123076007)\CoursesAndMTP\MTP\MTP Report\Stage-II\phase_2_presenta
tion\Acknowledgement.aux")
("D:\Academic(123076007)\CoursesAndMTP\MTP\MTP Report\Stage-II\phase_2_presenta
tion\Objective.aux")
("D:\Academic(123076007)\CoursesAndMTP\MTP\MTP Report\Stage-II\phase_2_presenta
tion\Outline.aux")
("D:\Academic(123076007)\CoursesAndMTP\MTP\MTP Report\Stage-II\phase_2_presenta
tion\Introduction.aux")
("D:\Academic(123076007)\CoursesAndMTP\MTP\MTP Report\Stage-II\phase_2_presenta
tion\NoCPartitioning.aux")
("D:\Academic(123076007)\CoursesAndMTP\MTP\MTP Report\Stage-II\phase_2_presenta
tion\Aurora.aux")
("D:\Academic(123076007)\CoursesAndMTP\MTP\MTP Report\Stage-II\phase_2_presenta
tion\Quasi.aux")
("D:\Academic(123076007)\CoursesAndMTP\MTP\MTP Report\Stage-II\phase_2_presenta
tion\ldpc_7x7_noc.aux")
("D:\Academic(123076007)\CoursesAndMTP\MTP\MTP Report\Stage-II\phase_2_presenta
tion\RaspberryPi.aux")
("D:\Academic(123076007)\CoursesAndMTP\MTP\MTP Report\Stage-II\phase_2_presenta
tion\conclusion.aux"))
Package atveryend Info: Executing hook `AtVeryEndDocument' on input line 14.
Package atveryend Info: Executing hook `AtEndAfterFileList' on input line 14.
Package rerunfilecheck Info: File `Saurabh_mtp_presentation.out' has not change
d.
(rerunfilecheck)             Checksum: 8155A6CD09A36E215FBA6EEC30333E47;2217.


LaTeX Font Warning: Size substitutions with differences
(Font)              up to 1.0pt have occurred.


LaTeX Font Warning: Some font shapes were not available, defaults substituted.


LaTeX Warning: Label(s) may have changed. Rerun to get cross-references right.

Package atveryend Info: Empty hook `AtVeryVeryEnd' on input line 14.
 ) 
Here is how much of TeX's memory you used:
 27420 strings out of 493921
 562719 string characters out of 3147276
 717948 words of memory out of 3000000
 29995 multiletter control sequences out of 15000+200000
 21736 words of font info for 81 fonts, out of 3000000 for 9000
 841 hyphenation exceptions out of 8191
 60i,19n,57p,10519b,1352s stack positions out of 5000i,500n,10000p,200000b,50000s
<C:/Program Files/MiKTeX 2.9/fonts/type1/public/amsfonts/cm/cmmi10.pfb><C:/Pr
ogram Files/MiKTeX 2.9/fonts/type1/public/amsfonts/cm/cmmi6.pfb><C:/Program Fil
es/MiKTeX 2.9/fonts/type1/public/amsfonts/cm/cmss10.pfb><C:/Program Files/MiKTe
X 2.9/fonts/type1/public/amsfonts/cm/cmss12.pfb><C:/Program Files/MiKTeX 2.9/fo
nts/type1/public/amsfonts/cm/cmss8.pfb><C:/Program Files/MiKTeX 2.9/fonts/type1
/public/amsfonts/cm/cmss9.pfb><C:/Program Files/MiKTeX 2.9/fonts/type1/public/a
msfonts/cm/cmssbx10.pfb><C:/Program Files/MiKTeX 2.9/fonts/type1/public/amsfont
s/cm/cmssi10.pfb><C:/Program Files/MiKTeX 2.9/fonts/type1/public/amsfonts/cm/cm
ssi12.pfb><C:/Program Files/MiKTeX 2.9/fonts/type1/public/amsfonts/cm/cmssi8.pf
b><C:/Program Files/MiKTeX 2.9/fonts/type1/public/amsfonts/cm/cmsy10.pfb><C:/Pr
ogram Files/MiKTeX 2.9/fonts/type1/public/amsfonts/cm/cmsy6.pfb><C:/Program Fil
es/MiKTeX 2.9/fonts/type1/public/amsfonts/cm/cmsy8.pfb><C:/Program Files/MiKTeX
 2.9/fonts/type1/public/amsfonts/cm/cmsy9.pfb><C:/Program Files/MiKTeX 2.9/font
s/type1/public/amsfonts/symbols/msam10.pfb>
Output written on Saurabh_mtp_presentation.pdf (44 pages, 1933017 bytes).
PDF statistics:
 1933 PDF objects out of 2073 (max. 8388607)
 127 named destinations out of 1000 (max. 500000)
 353 words of extra memory for PDF output out of 10000 (max. 10000000)

